Log file open, 10/26/21 08:28:28
LogWindows: Failed to load 'aqProf.dll' (GetLastError=126)
LogWindows: File 'aqProf.dll' does not exist
LogWindows: Failed to load 'VtuneApi.dll' (GetLastError=126)
LogWindows: File 'VtuneApi.dll' does not exist
LogWindows: Failed to load 'VtuneApi32e.dll' (GetLastError=126)
LogWindows: File 'VtuneApi32e.dll' does not exist
LogConsoleResponse: Display: Failed to find resolution value strings in scalability ini. Falling back to default.
LogConsoleResponse: Display: Failed to find resolution value strings in scalability ini. Falling back to default.
LogInit: Display: Running engine for game: MyFirstGame
LogPlatformFile: Not using cached read wrapper
LogTaskGraph: Started task graph with 5 named threads and 35 total threads with 3 sets of task threads.
LogStats: Stats thread started at 0.453981
LogICUInternationalization: ICU TimeZone Detection - Raw Offset: -8:00, Platform Override: ''
LogInit: Display: Loading text-based GConfig....
LogPluginManager: Mounting plugin MeshPainting
LogPluginManager: Mounting plugin XGEController
LogPluginManager: Mounting plugin Paper2D
LogPluginManager: Mounting plugin LiveLink
LogPluginManager: Mounting plugin AISupport
LogPluginManager: Mounting plugin LightPropagationVolume
LogPluginManager: Mounting plugin CameraShakePreviewer
LogPluginManager: Mounting plugin GameplayCameras
LogPluginManager: Mounting plugin EnvironmentQueryEditor
LogPluginManager: Mounting plugin OodleData
LogPluginManager: Mounting plugin OodleNetwork
LogPluginManager: Mounting plugin AnimationSharing
LogPluginManager: Mounting plugin CLionSourceCodeAccess
LogPluginManager: Mounting plugin CodeLiteSourceCodeAccess
LogPluginManager: Mounting plugin GitSourceControl
LogPluginManager: Mounting plugin NullSourceCodeAccess
LogPluginManager: Mounting plugin KDevelopSourceCodeAccess
LogPluginManager: Mounting plugin PerforceSourceControl
LogPluginManager: Mounting plugin PixWinPlugin
LogPluginManager: Mounting plugin PlasticSourceControl
LogPluginManager: Mounting plugin PluginUtils
LogPluginManager: Mounting plugin PropertyAccessNode
LogPluginManager: Mounting plugin RiderSourceCodeAccess
LogPluginManager: Mounting plugin SubversionSourceControl
LogPluginManager: Mounting plugin AssetManagerEditor
LogPluginManager: Mounting plugin TextureFormatOodle
LogPluginManager: Mounting plugin CryptoKeys
LogPluginManager: Mounting plugin VisualStudioCodeSourceCodeAccess
LogPluginManager: Mounting plugin XCodeSourceCodeAccess
LogPluginManager: Mounting plugin UObjectPlugin
LogPluginManager: Mounting plugin VisualStudioSourceCodeAccess
LogPluginManager: Mounting plugin CurveEditorTools
LogPluginManager: Mounting plugin DataValidation
LogPluginManager: Mounting plugin FacialAnimation
LogPluginManager: Mounting plugin GameplayTagsEditor
LogPluginManager: Mounting plugin GeometryMode
LogPluginManager: Mounting plugin MacGraphicsSwitching
LogPluginManager: Mounting plugin MobileLauncherProfileWizard
LogPluginManager: Mounting plugin MaterialAnalyzer
LogPluginManager: Mounting plugin PluginBrowser
LogPluginManager: Mounting plugin SpeedTreeImporter
LogPluginManager: Mounting plugin DatasmithContent
LogPluginManager: Mounting plugin Niagara
LogPluginManager: Mounting plugin VariantManagerContent
LogPluginManager: Mounting plugin AlembicImporter
LogPluginManager: Mounting plugin AutomationUtils
LogPluginManager: Mounting plugin BackChannel
LogPluginManager: Mounting plugin ChaosCloth
LogPluginManager: Mounting plugin ChaosEditor
LogPluginManager: Mounting plugin ChaosClothEditor
LogPluginManager: Mounting plugin ChaosSolverPlugin
LogPluginManager: Mounting plugin ChaosNiagara
LogPluginManager: Mounting plugin CharacterAI
LogPluginManager: Mounting plugin GeometryCache
LogPluginManager: Mounting plugin GeometryCollectionPlugin
LogPluginManager: Mounting plugin GeometryProcessing
LogPluginManager: Mounting plugin MotoSynth
LogPluginManager: Mounting plugin OpenImageDenoise
LogPluginManager: Mounting plugin PlanarCut
LogPluginManager: Mounting plugin PlatformCrypto
LogPluginManager: Mounting plugin ProxyLODPlugin
LogPluginManager: Mounting plugin PythonScriptPlugin
LogPluginManager: Mounting plugin SkeletalReduction
LogPluginManager: Mounting plugin LuminPlatformFeatures
LogPluginManager: Mounting plugin MagicLeap
LogPluginManager: Mounting plugin MagicLeapMedia
LogPluginManager: Mounting plugin MagicLeapLightEstimation
LogPluginManager: Mounting plugin AndroidMedia
LogPluginManager: Mounting plugin MagicLeapPassableWorld
LogPluginManager: Mounting plugin AvfMedia
LogPluginManager: Mounting plugin MLSDK
LogPluginManager: Mounting plugin ImgMedia
LogPluginManager: Mounting plugin MediaCompositing
LogPluginManager: Mounting plugin MediaPlayerEditor
LogPluginManager: Mounting plugin WebMMedia
LogPluginManager: Mounting plugin WmfMedia
LogPluginManager: Mounting plugin TcpMessaging
LogPluginManager: Mounting plugin UdpMessaging
LogPluginManager: Mounting plugin OnlineSubsystem
LogPluginManager: Mounting plugin ActorSequence
LogPluginManager: Mounting plugin LevelSequenceEditor
LogPluginManager: Mounting plugin MatineeToLevelSequence
LogPluginManager: Mounting plugin TemplateSequence
LogPluginManager: Mounting plugin LauncherChunkInstaller
LogPluginManager: Mounting plugin ActorLayerUtilities
LogPluginManager: Mounting plugin AndroidDeviceProfileSelector
LogPluginManager: Mounting plugin AndroidMoviePlayer
LogPluginManager: Mounting plugin AndroidPermission
LogPluginManager: Mounting plugin OnlineSubsystemNull
LogPluginManager: Mounting plugin OnlineSubsystemUtils
LogPluginManager: Mounting plugin AppleImageUtils
LogPluginManager: Mounting plugin AppleMoviePlayer
LogPluginManager: Mounting plugin ArchVisCharacter
LogPluginManager: Mounting plugin AudioCapture
LogPluginManager: Mounting plugin AssetTags
LogPluginManager: Mounting plugin AudioSynesthesia
LogPluginManager: Mounting plugin CustomMeshComponent
LogPluginManager: Mounting plugin ChunkDownloader
LogPluginManager: Mounting plugin ExampleDeviceProfileSelector
LogPluginManager: Mounting plugin CableComponent
LogPluginManager: Mounting plugin EditableMesh
LogPluginManager: Mounting plugin GoogleCloudMessaging
LogPluginManager: Mounting plugin GooglePAD
LogPluginManager: Mounting plugin IOSDeviceProfileSelector
LogPluginManager: Mounting plugin MobilePatchingUtils
LogPluginManager: Mounting plugin LocationServicesBPLibrary
LogPluginManager: Mounting plugin LinuxDeviceProfileSelector
LogPluginManager: Mounting plugin OpenXR
LogPluginManager: Mounting plugin OpenXREyeTracker
LogPluginManager: Mounting plugin OpenXRHandTracking
LogPluginManager: Mounting plugin PhysXVehicles
LogPluginManager: Mounting plugin PostSplashScreen
LogPluginManager: Mounting plugin ProceduralMeshComponent
LogPluginManager: Mounting plugin PropertyAccessEditor
LogPluginManager: Mounting plugin RuntimePhysXCooking
LogPluginManager: Mounting plugin SignificanceManager
LogPluginManager: Mounting plugin SoundFields
LogPluginManager: Mounting plugin Synthesis
LogPluginManager: Mounting plugin WebMMoviePlayer
LogPluginManager: Mounting plugin WindowsMoviePlayer
LogPluginManager: Mounting plugin ScreenshotTools
LogPluginManager: Mounting plugin Takes
LogPluginManager: Mounting plugin ContentBrowserClassDataSource
LogPluginManager: Mounting plugin ContentBrowserAssetDataSource
LogPluginManager: Mounting plugin ContentBrowserFileDataSource
LogPluginManager: Mounting plugin OnlineSubsystemGooglePlay
LogPluginManager: Mounting plugin OnlineSubsystemIOS
LogPluginManager: Mounting plugin OculusVR
LogPluginManager: Mounting plugin SteamVR
PixWinPlugin: PIX capture plugin failed to initialize! Check that the process is launched from PIX.
LogInit: Using libcurl 7.55.1-DEV
LogInit:  - built for x86_64-pc-win32
LogInit:  - supports SSL with OpenSSL/1.1.1
LogInit:  - supports HTTP deflate (compression) using libz 1.2.8
LogInit:  - other features:
LogInit:      CURL_VERSION_SSL
LogInit:      CURL_VERSION_LIBZ
LogInit:      CURL_VERSION_IPV6
LogInit:      CURL_VERSION_ASYNCHDNS
LogInit:      CURL_VERSION_LARGEFILE
LogInit:      CURL_VERSION_IDN
LogInit:  CurlRequestOptions (configurable via config and command line):
LogInit:  - bVerifyPeer = true  - Libcurl will verify peer certificate
LogInit:  - bUseHttpProxy = false  - Libcurl will NOT use HTTP proxy
LogInit:  - bDontReuseConnections = false  - Libcurl will reuse connections
LogInit:  - MaxHostConnections = 16  - Libcurl will limit the number of connections to a host
LogInit:  - LocalHostAddr = Default
LogInit:  - BufferSize = 65536
LogOnline: OSS: Creating online subsystem instance for: NULL
LogInit: WinSock: version 1.1 (2.2), MaxSocks=32767, MaxUdp=65467
LogOnline: OSS: TryLoadSubsystemAndSetDefault: Loaded subsystem for module [NULL]
LogOculusPluginWrapper: OculusPlugin initialized successfully
LogHMD: Failed initializing OVRPlugin 1.59.0
LogInit: Build: ++UE4+Release-4.27-CL-17735300
LogInit: Engine Version: 4.27.1-17735300+++UE4+Release-4.27
LogInit: Compatible Engine Version: 4.27.0-17155196+++UE4+Release-4.27
LogInit: Net CL: 17155196
LogInit: OS: Windows 10 (Release 2009) (), CPU: Intel(R) Core(TM) i7-9750H CPU @ 2.60GHz, GPU: NVIDIA GeForce RTX 2060
LogInit: Compiled (64-bit): Oct  6 2021 14:42:51
LogInit: Compiled with Visual C++: 19.24.28315.00
LogInit: Build Configuration: Development
LogInit: Branch Name: ++UE4+Release-4.27
LogInit: Command Line: 
LogInit: Base Directory: D:/Epic Games/UE_4.27/Engine/Binaries/Win64/
LogInit: Allocator: TBB
LogInit: Installed Engine Build: 1
LogDevObjectVersion: Number of dev versions registered: 29
LogDevObjectVersion:   Dev-Blueprints (B0D832E4-1F89-4F0D-ACCF-7EB736FD4AA2): 10
LogDevObjectVersion:   Dev-Build (E1C64328-A22C-4D53-A36C-8E866417BD8C): 0
LogDevObjectVersion:   Dev-Core (375EC13C-06E4-48FB-B500-84F0262A717E): 4
LogDevObjectVersion:   Dev-Editor (E4B068ED-F494-42E9-A231-DA0B2E46BB41): 40
LogDevObjectVersion:   Dev-Framework (CFFC743F-43B0-4480-9391-14DF171D2073): 37
LogDevObjectVersion:   Dev-Mobile (B02B49B5-BB20-44E9-A304-32B752E40360): 3
LogDevObjectVersion:   Dev-Networking (A4E4105C-59A1-49B5-A7C5-40C4547EDFEE): 0
LogDevObjectVersion:   Dev-Online (39C831C9-5AE6-47DC-9A44-9C173E1C8E7C): 0
LogDevObjectVersion:   Dev-Physics (78F01B33-EBEA-4F98-B9B4-84EACCB95AA2): 14
LogDevObjectVersion:   Dev-Platform (6631380F-2D4D-43E0-8009-CF276956A95A): 0
LogDevObjectVersion:   Dev-Rendering (12F88B9F-8875-4AFC-A67C-D90C383ABD29): 45
LogDevObjectVersion:   Dev-Sequencer (7B5AE74C-D270-4C10-A958-57980B212A5A): 13
LogDevObjectVersion:   Dev-VR (D7296918-1DD6-4BDD-9DE2-64A83CC13884): 3
LogDevObjectVersion:   Dev-LoadTimes (C2A15278-BFE7-4AFE-6C17-90FF531DF755): 1
LogDevObjectVersion:   Private-Geometry (6EACA3D4-40EC-4CC1-B786-8BED09428FC5): 3
LogDevObjectVersion:   Dev-AnimPhys (29E575DD-E0A3-4627-9D10-D276232CDCEA): 17
LogDevObjectVersion:   Dev-Anim (AF43A65D-7FD3-4947-9873-3E8ED9C1BB05): 15
LogDevObjectVersion:   Dev-ReflectionCapture (6B266CEC-1EC7-4B8F-A30B-E4D90942FC07): 1
LogDevObjectVersion:   Dev-Automation (0DF73D61-A23F-47EA-B727-89E90C41499A): 1
LogDevObjectVersion:   FortniteMain (601D1886-AC64-4F84-AA16-D3DE0DEAC7D6): 47
LogDevObjectVersion:   FortniteRelease (E7086368-6B23-4C58-8439-1B7016265E91): 1
LogDevObjectVersion:   Dev-Enterprise (9DFFBCD6-494F-0158-E221-12823C92A888): 10
LogDevObjectVersion:   Dev-Niagara (F2AED0AC-9AFE-416F-8664-AA7FFA26D6FC): 1
LogDevObjectVersion:   Dev-Destruction (174F1F0B-B4C6-45A5-B13F-2EE8D0FB917D): 10
LogDevObjectVersion:   Dev-Physics-Ext (35F94A83-E258-406C-A318-09F59610247C): 41
LogDevObjectVersion:   Dev-PhysicsMaterial-Chaos (B68FC16E-8B1B-42E2-B453-215C058844FE): 1
LogDevObjectVersion:   Dev-CineCamera (B2E18506-4273-CFC2-A54E-F4BB758BBA07): 1
LogDevObjectVersion:   Dev-VirtualProduction (64F58936-FD1B-42BA-BA96-7289D5D0FA4E): 1
LogDevObjectVersion:   Dev-MediaFramework (6F0ED827-A609-4895-9C91-998D90180EA4): 2
LogInit: Presizing for max 25165824 objects, including 0 objects not considered by GC, pre-allocating 0 bytes for permanent pool.
LogConfig: Applying CVar settings from Section [/Script/Engine.StreamingSettings] File [D:/Documents/Unreal Projects/MyFirstGame/Saved/Config/Windows/Engine.ini]
LogConfig: Setting CVar [[s.MinBulkDataSizeForAsyncLoading:131072]]
LogConfig: Setting CVar [[s.AsyncLoadingThreadEnabled:0]]
LogConfig: Setting CVar [[s.EventDrivenLoaderEnabled:1]]
LogConfig: Setting CVar [[s.WarnIfTimeLimitExceeded:0]]
LogConfig: Setting CVar [[s.TimeLimitExceededMultiplier:1.5]]
LogConfig: Setting CVar [[s.TimeLimitExceededMinTime:0.005]]
LogConfig: Setting CVar [[s.UseBackgroundLevelStreaming:1]]
LogConfig: Setting CVar [[s.PriorityAsyncLoadingExtraTime:15.0]]
LogConfig: Setting CVar [[s.LevelStreamingActorsUpdateTimeLimit:5.0]]
LogConfig: Setting CVar [[s.PriorityLevelStreamingActorsUpdateExtraTime:5.0]]
LogConfig: Setting CVar [[s.LevelStreamingComponentsRegistrationGranularity:10]]
LogConfig: Setting CVar [[s.UnregisterComponentsTimeLimit:1.0]]
LogConfig: Setting CVar [[s.LevelStreamingComponentsUnregistrationGranularity:5]]
LogConfig: Setting CVar [[s.FlushStreamingOnExit:1]]
LogInit: Object subsystem initialized
LogConfig: Setting CVar [[con.DebugEarlyDefault:1]]
LogConfig: Setting CVar [[r.setres:1280x720]]
[2021.10.26-15.28.30:060][  0]LogConfig: Setting CVar [[r.VSync:0]]
[2021.10.26-15.28.30:060][  0]LogConfig: Setting CVar [[r.RHICmdBypass:0]]
[2021.10.26-15.28.30:060][  0]LogConfig: Applying CVar settings from Section [/Script/Engine.RendererSettings] File [D:/Documents/Unreal Projects/MyFirstGame/Saved/Config/Windows/Engine.ini]
[2021.10.26-15.28.30:060][  0]LogConfig: Setting CVar [[r.GPUCrashDebugging:0]]
[2021.10.26-15.28.30:060][  0]LogConfig: Applying CVar settings from Section [/Script/Engine.RendererOverrideSettings] File [D:/Documents/Unreal Projects/MyFirstGame/Saved/Config/Windows/Engine.ini]
[2021.10.26-15.28.30:060][  0]LogConfig: Applying CVar settings from Section [/Script/Engine.StreamingSettings] File [D:/Documents/Unreal Projects/MyFirstGame/Saved/Config/Windows/Engine.ini]
[2021.10.26-15.28.30:060][  0]LogConfig: Setting CVar [[s.MinBulkDataSizeForAsyncLoading:131072]]
[2021.10.26-15.28.30:060][  0]LogConfig: Setting CVar [[s.AsyncLoadingThreadEnabled:0]]
[2021.10.26-15.28.30:060][  0]LogConfig: Setting CVar [[s.EventDrivenLoaderEnabled:1]]
[2021.10.26-15.28.30:060][  0]LogConfig: Setting CVar [[s.WarnIfTimeLimitExceeded:0]]
[2021.10.26-15.28.30:060][  0]LogConfig: Setting CVar [[s.TimeLimitExceededMultiplier:1.5]]
[2021.10.26-15.28.30:060][  0]LogConfig: Setting CVar [[s.TimeLimitExceededMinTime:0.005]]
[2021.10.26-15.28.30:060][  0]LogConfig: Setting CVar [[s.UseBackgroundLevelStreaming:1]]
[2021.10.26-15.28.30:060][  0]LogConfig: Setting CVar [[s.PriorityAsyncLoadingExtraTime:15.0]]
[2021.10.26-15.28.30:060][  0]LogConfig: Setting CVar [[s.LevelStreamingActorsUpdateTimeLimit:5.0]]
[2021.10.26-15.28.30:060][  0]LogConfig: Setting CVar [[s.PriorityLevelStreamingActorsUpdateExtraTime:5.0]]
[2021.10.26-15.28.30:060][  0]LogConfig: Setting CVar [[s.LevelStreamingComponentsRegistrationGranularity:10]]
[2021.10.26-15.28.30:060][  0]LogConfig: Setting CVar [[s.UnregisterComponentsTimeLimit:1.0]]
[2021.10.26-15.28.30:060][  0]LogConfig: Setting CVar [[s.LevelStreamingComponentsUnregistrationGranularity:5]]
[2021.10.26-15.28.30:060][  0]LogConfig: Setting CVar [[s.FlushStreamingOnExit:1]]
[2021.10.26-15.28.30:060][  0]LogConfig: Applying CVar settings from Section [/Script/Engine.GarbageCollectionSettings] File [D:/Documents/Unreal Projects/MyFirstGame/Saved/Config/Windows/Engine.ini]
[2021.10.26-15.28.30:060][  0]LogConfig: Setting CVar [[gc.MaxObjectsNotConsideredByGC:1]]
[2021.10.26-15.28.30:060][  0]LogConfig: Setting CVar [[gc.SizeOfPermanentObjectPool:0]]
[2021.10.26-15.28.30:060][  0]LogConfig: Setting CVar [[gc.FlushStreamingOnGC:0]]
[2021.10.26-15.28.30:060][  0]LogConfig: Setting CVar [[gc.NumRetriesBeforeForcingGC:10]]
[2021.10.26-15.28.30:060][  0]LogConfig: Setting CVar [[gc.AllowParallelGC:1]]
[2021.10.26-15.28.30:060][  0]LogConfig: Setting CVar [[gc.TimeBetweenPurgingPendingKillObjects:61.1]]
[2021.10.26-15.28.30:060][  0]LogConfig: Setting CVar [[gc.MaxObjectsInEditor:25165824]]
[2021.10.26-15.28.30:060][  0]LogConfig: Setting CVar [[gc.IncrementalBeginDestroyEnabled:1]]
[2021.10.26-15.28.30:060][  0]LogConfig: Setting CVar [[gc.CreateGCClusters:1]]
[2021.10.26-15.28.30:060][  0]LogConfig: Setting CVar [[gc.MinGCClusterSize:5]]
[2021.10.26-15.28.30:060][  0]LogConfig: Setting CVar [[gc.ActorClusteringEnabled:0]]
[2021.10.26-15.28.30:060][  0]LogConfig: Setting CVar [[gc.BlueprintClusteringEnabled:0]]
[2021.10.26-15.28.30:060][  0]LogConfig: Setting CVar [[gc.UseDisregardForGCOnDedicatedServers:0]]
[2021.10.26-15.28.30:060][  0]LogConfig: Setting CVar [[gc.MultithreadedDestructionEnabled:1]]
[2021.10.26-15.28.30:061][  0]LogConfig: Applying CVar settings from Section [/Script/Engine.NetworkSettings] File [D:/Documents/Unreal Projects/MyFirstGame/Saved/Config/Windows/Engine.ini]
[2021.10.26-15.28.30:061][  0]LogConfig: Applying CVar settings from Section [/Script/UnrealEd.CookerSettings] File [D:/Documents/Unreal Projects/MyFirstGame/Saved/Config/Windows/Engine.ini]
[2021.10.26-15.28.30:067][  0]LogConfig: Applying CVar settings from Section [ViewDistanceQuality@3] File [D:/Documents/Unreal Projects/MyFirstGame/Saved/Config/Windows/Scalability.ini]
[2021.10.26-15.28.30:067][  0]LogConfig: Setting CVar [[r.SkeletalMeshLODBias:0]]
[2021.10.26-15.28.30:067][  0]LogConfig: Setting CVar [[r.ViewDistanceScale:1.0]]
[2021.10.26-15.28.30:067][  0]LogConfig: Applying CVar settings from Section [AntiAliasingQuality@3] File [D:/Documents/Unreal Projects/MyFirstGame/Saved/Config/Windows/Scalability.ini]
[2021.10.26-15.28.30:067][  0]LogConfig: Setting CVar [[r.PostProcessAAQuality:4]]
[2021.10.26-15.28.30:067][  0]LogConfig: Applying CVar settings from Section [ShadowQuality@3] File [D:/Documents/Unreal Projects/MyFirstGame/Saved/Config/Windows/Scalability.ini]
[2021.10.26-15.28.30:067][  0]LogConfig: Setting CVar [[r.LightFunctionQuality:1]]
[2021.10.26-15.28.30:067][  0]LogConfig: Setting CVar [[r.ShadowQuality:5]]
[2021.10.26-15.28.30:067][  0]LogConfig: Setting CVar [[r.Shadow.CSM.MaxCascades:10]]
[2021.10.26-15.28.30:067][  0]LogConfig: Setting CVar [[r.Shadow.MaxResolution:2048]]
[2021.10.26-15.28.30:067][  0]LogConfig: Setting CVar [[r.Shadow.MaxCSMResolution:2048]]
[2021.10.26-15.28.30:067][  0]LogConfig: Setting CVar [[r.Shadow.RadiusThreshold:0.01]]
[2021.10.26-15.28.30:067][  0]LogConfig: Setting CVar [[r.Shadow.DistanceScale:1.0]]
[2021.10.26-15.28.30:067][  0]LogConfig: Setting CVar [[r.Shadow.CSM.TransitionScale:1.0]]
[2021.10.26-15.28.30:067][  0]LogConfig: Setting CVar [[r.Shadow.PreShadowResolutionFactor:1.0]]
[2021.10.26-15.28.30:067][  0]LogConfig: Setting CVar [[r.DistanceFieldShadowing:1]]
[2021.10.26-15.28.30:067][  0]LogConfig: Setting CVar [[r.DistanceFieldAO:1]]
[2021.10.26-15.28.30:067][  0]LogConfig: Setting CVar [[r.AOQuality:2]]
[2021.10.26-15.28.30:067][  0]LogConfig: Setting CVar [[r.VolumetricFog:1]]
[2021.10.26-15.28.30:067][  0]LogConfig: Setting CVar [[r.VolumetricFog.GridPixelSize:8]]
[2021.10.26-15.28.30:067][  0]LogConfig: Setting CVar [[r.VolumetricFog.GridSizeZ:128]]
[2021.10.26-15.28.30:067][  0]LogConfig: Setting CVar [[r.VolumetricFog.HistoryMissSupersampleCount:4]]
[2021.10.26-15.28.30:067][  0]LogConfig: Setting CVar [[r.LightMaxDrawDistanceScale:1]]
[2021.10.26-15.28.30:067][  0]LogConfig: Setting CVar [[r.CapsuleShadows:1]]
[2021.10.26-15.28.30:067][  0]LogConfig: Applying CVar settings from Section [PostProcessQuality@3] File [D:/Documents/Unreal Projects/MyFirstGame/Saved/Config/Windows/Scalability.ini]
[2021.10.26-15.28.30:067][  0]LogConfig: Setting CVar [[r.MotionBlurQuality:4]]
[2021.10.26-15.28.30:067][  0]LogConfig: Setting CVar [[r.AmbientOcclusionMipLevelFactor:0.4]]
[2021.10.26-15.28.30:067][  0]LogConfig: Setting CVar [[r.AmbientOcclusionMaxQuality:100]]
[2021.10.26-15.28.30:067][  0]LogConfig: Setting CVar [[r.AmbientOcclusionLevels:-1]]
[2021.10.26-15.28.30:067][  0]LogConfig: Setting CVar [[r.AmbientOcclusionRadiusScale:1.0]]
[2021.10.26-15.28.30:067][  0]LogConfig: Setting CVar [[r.DepthOfFieldQuality:2]]
[2021.10.26-15.28.30:067][  0]LogConfig: Setting CVar [[r.RenderTargetPoolMin:400]]
[2021.10.26-15.28.30:067][  0]LogConfig: Setting CVar [[r.LensFlareQuality:2]]
[2021.10.26-15.28.30:067][  0]LogConfig: Setting CVar [[r.SceneColorFringeQuality:1]]
[2021.10.26-15.28.30:067][  0]LogConfig: Setting CVar [[r.EyeAdaptationQuality:2]]
[2021.10.26-15.28.30:067][  0]LogConfig: Setting CVar [[r.BloomQuality:5]]
[2021.10.26-15.28.30:067][  0]LogConfig: Setting CVar [[r.FastBlurThreshold:100]]
[2021.10.26-15.28.30:067][  0]LogConfig: Setting CVar [[r.Upscale.Quality:3]]
[2021.10.26-15.28.30:067][  0]LogConfig: Setting CVar [[r.Tonemapper.GrainQuantization:1]]
[2021.10.26-15.28.30:067][  0]LogConfig: Setting CVar [[r.LightShaftQuality:1]]
[2021.10.26-15.28.30:067][  0]LogConfig: Setting CVar [[r.Filter.SizeScale:1]]
[2021.10.26-15.28.30:067][  0]LogConfig: Setting CVar [[r.Tonemapper.Quality:5]]
[2021.10.26-15.28.30:067][  0]LogConfig: Setting CVar [[r.DOF.Gather.AccumulatorQuality:1        ; higher gathering accumulator quality]]
[2021.10.26-15.28.30:067][  0]LogConfig: Setting CVar [[r.DOF.Gather.PostfilterMethod:1          ; Median3x3 postfilering method]]
[2021.10.26-15.28.30:067][  0]LogConfig: Setting CVar [[r.DOF.Gather.EnableBokehSettings:0       ; no bokeh simulation when gathering]]
[2021.10.26-15.28.30:067][  0]LogConfig: Setting CVar [[r.DOF.Gather.RingCount:4                 ; medium number of samples when gathering]]
[2021.10.26-15.28.30:067][  0]LogConfig: Setting CVar [[r.DOF.Scatter.ForegroundCompositing:1    ; additive foreground scattering]]
[2021.10.26-15.28.30:067][  0]LogConfig: Setting CVar [[r.DOF.Scatter.BackgroundCompositing:2    ; additive background scattering]]
[2021.10.26-15.28.30:067][  0]LogConfig: Setting CVar [[r.DOF.Scatter.EnableBokehSettings:1      ; bokeh simulation when scattering]]
[2021.10.26-15.28.30:067][  0]LogConfig: Setting CVar [[r.DOF.Scatter.MaxSpriteRatio:0.1         ; only a maximum of 10% of scattered bokeh]]
[2021.10.26-15.28.30:067][  0]LogConfig: Setting CVar [[r.DOF.Recombine.Quality:1                ; cheap slight out of focus]]
[2021.10.26-15.28.30:067][  0]LogConfig: Setting CVar [[r.DOF.Recombine.EnableBokehSettings:0    ; no bokeh simulation on slight out of focus]]
[2021.10.26-15.28.30:067][  0]LogConfig: Setting CVar [[r.DOF.TemporalAAQuality:1                ; more stable temporal accumulation]]
[2021.10.26-15.28.30:067][  0]LogConfig: Setting CVar [[r.DOF.Kernel.MaxForegroundRadius:0.025]]
[2021.10.26-15.28.30:067][  0]LogConfig: Setting CVar [[r.DOF.Kernel.MaxBackgroundRadius:0.025]]
[2021.10.26-15.28.30:067][  0]LogConfig: Applying CVar settings from Section [TextureQuality@3] File [D:/Documents/Unreal Projects/MyFirstGame/Saved/Config/Windows/Scalability.ini]
[2021.10.26-15.28.30:067][  0]LogConfig: Setting CVar [[r.Streaming.MipBias:0]]
[2021.10.26-15.28.30:067][  0]LogConfig: Setting CVar [[r.Streaming.AmortizeCPUToGPUCopy:0]]
[2021.10.26-15.28.30:067][  0]LogConfig: Setting CVar [[r.Streaming.MaxNumTexturesToStreamPerFrame:0]]
[2021.10.26-15.28.30:067][  0]LogConfig: Setting CVar [[r.Streaming.Boost:1]]
[2021.10.26-15.28.30:067][  0]LogConfig: Setting CVar [[r.MaxAnisotropy:8]]
[2021.10.26-15.28.30:067][  0]LogConfig: Setting CVar [[r.VT.MaxAnisotropy:8]]
[2021.10.26-15.28.30:067][  0]LogConfig: Setting CVar [[r.Streaming.LimitPoolSizeToVRAM:0]]
[2021.10.26-15.28.30:068][  0]LogConfig: Setting CVar [[r.Streaming.PoolSize:1000]]
[2021.10.26-15.28.30:068][  0]LogConfig: Setting CVar [[r.Streaming.MaxEffectiveScreenSize:0]]
[2021.10.26-15.28.30:068][  0]LogConfig: Applying CVar settings from Section [EffectsQuality@3] File [D:/Documents/Unreal Projects/MyFirstGame/Saved/Config/Windows/Scalability.ini]
[2021.10.26-15.28.30:068][  0]LogConfig: Setting CVar [[r.TranslucencyLightingVolumeDim:64]]
[2021.10.26-15.28.30:068][  0]LogConfig: Setting CVar [[r.RefractionQuality:2]]
[2021.10.26-15.28.30:068][  0]LogConfig: Setting CVar [[r.SSR.Quality:3]]
[2021.10.26-15.28.30:068][  0]LogConfig: Setting CVar [[r.SSR.HalfResSceneColor:0]]
[2021.10.26-15.28.30:068][  0]LogConfig: Setting CVar [[r.SceneColorFormat:4]]
[2021.10.26-15.28.30:068][  0]LogConfig: Setting CVar [[r.DetailMode:2]]
[2021.10.26-15.28.30:068][  0]LogConfig: Setting CVar [[r.TranslucencyVolumeBlur:1]]
[2021.10.26-15.28.30:068][  0]LogConfig: Setting CVar [[r.MaterialQualityLevel:1 ; High quality]]
[2021.10.26-15.28.30:068][  0]LogConfig: Setting CVar [[r.AnisotropicMaterials:1]]
[2021.10.26-15.28.30:068][  0]LogConfig: Setting CVar [[r.SSS.Scale:1]]
[2021.10.26-15.28.30:068][  0]LogConfig: Setting CVar [[r.SSS.SampleSet:2]]
[2021.10.26-15.28.30:068][  0]LogConfig: Setting CVar [[r.SSS.Quality:1]]
[2021.10.26-15.28.30:068][  0]LogConfig: Setting CVar [[r.SSS.HalfRes:0]]
[2021.10.26-15.28.30:068][  0]LogConfig: Setting CVar [[r.SSGI.Quality:3]]
[2021.10.26-15.28.30:068][  0]LogConfig: Setting CVar [[r.EmitterSpawnRateScale:1.0]]
[2021.10.26-15.28.30:068][  0]LogConfig: Setting CVar [[r.ParticleLightQuality:2]]
[2021.10.26-15.28.30:068][  0]LogConfig: Setting CVar [[r.SkyAtmosphere.AerialPerspectiveLUT.FastApplyOnOpaque:1 ; Always have FastSkyLUT 1 in this case to avoid wrong sky]]
[2021.10.26-15.28.30:068][  0]LogConfig: Setting CVar [[r.SkyAtmosphere.AerialPerspectiveLUT.SampleCountMaxPerSlice:4]]
[2021.10.26-15.28.30:068][  0]LogConfig: Setting CVar [[r.SkyAtmosphere.AerialPerspectiveLUT.DepthResolution:16.0]]
[2021.10.26-15.28.30:068][  0]LogConfig: Setting CVar [[r.SkyAtmosphere.FastSkyLUT:1]]
[2021.10.26-15.28.30:068][  0]LogConfig: Setting CVar [[r.SkyAtmosphere.FastSkyLUT.SampleCountMin:4.0]]
[2021.10.26-15.28.30:068][  0]LogConfig: Setting CVar [[r.SkyAtmosphere.FastSkyLUT.SampleCountMax:128.0]]
[2021.10.26-15.28.30:068][  0]LogConfig: Setting CVar [[r.SkyAtmosphere.SampleCountMin:4.0]]
[2021.10.26-15.28.30:068][  0]LogConfig: Setting CVar [[r.SkyAtmosphere.SampleCountMax:128.0]]
[2021.10.26-15.28.30:068][  0]LogConfig: Setting CVar [[r.SkyAtmosphere.TransmittanceLUT.UseSmallFormat:0]]
[2021.10.26-15.28.30:068][  0]LogConfig: Setting CVar [[r.SkyAtmosphere.TransmittanceLUT.SampleCount:10.0]]
[2021.10.26-15.28.30:068][  0]LogConfig: Setting CVar [[r.SkyAtmosphere.MultiScatteringLUT.SampleCount:15.0]]
[2021.10.26-15.28.30:068][  0]LogConfig: Setting CVar [[r.SkyLight.RealTimeReflectionCapture:1]]
[2021.10.26-15.28.30:068][  0]LogConfig: Applying CVar settings from Section [FoliageQuality@3] File [D:/Documents/Unreal Projects/MyFirstGame/Saved/Config/Windows/Scalability.ini]
[2021.10.26-15.28.30:068][  0]LogConfig: Setting CVar [[foliage.DensityScale:1.0]]
[2021.10.26-15.28.30:068][  0]LogConfig: Setting CVar [[grass.DensityScale:1.0]]
[2021.10.26-15.28.30:068][  0]LogConfig: Applying CVar settings from Section [ShadingQuality@3] File [D:/Documents/Unreal Projects/MyFirstGame/Saved/Config/Windows/Scalability.ini]
[2021.10.26-15.28.30:068][  0]LogConfig: Setting CVar [[r.HairStrands.SkyLighting.IntegrationType:2]]
[2021.10.26-15.28.30:068][  0]LogConfig: Setting CVar [[r.HairStrands.SkyAO.SampleCount:4]]
[2021.10.26-15.28.30:068][  0]LogConfig: Setting CVar [[r.HairStrands.Visibility.MSAA.SamplePerPixel:4]]
[2021.10.26-15.28.30:068][  0]LogInit: Selected Device Profile: [Windows]
[2021.10.26-15.28.30:068][  0]LogInit: Applying CVar settings loaded from the selected device profile: [Windows]
[2021.10.26-15.28.30:068][  0]LogHAL: Display: Platform has ~ 16 GB [17095249920 / 17179869184 / 16], which maps to Larger [LargestMinGB=32, LargerMinGB=12, DefaultMinGB=8, SmallerMinGB=6, SmallestMinGB=0)
[2021.10.26-15.28.30:068][  0]LogInit: Going up to parent DeviceProfile []
[2021.10.26-15.28.30:068][  0]LogConfig: Applying CVar settings from Section [ViewDistanceQuality@3] File [D:/Documents/Unreal Projects/MyFirstGame/Saved/Config/Windows/Scalability.ini]
[2021.10.26-15.28.30:068][  0]LogConfig: Setting CVar [[r.SkeletalMeshLODBias:0]]
[2021.10.26-15.28.30:068][  0]LogConfig: Setting CVar [[r.ViewDistanceScale:1.0]]
[2021.10.26-15.28.30:068][  0]LogConfig: Applying CVar settings from Section [AntiAliasingQuality@3] File [D:/Documents/Unreal Projects/MyFirstGame/Saved/Config/Windows/Scalability.ini]
[2021.10.26-15.28.30:068][  0]LogConfig: Setting CVar [[r.PostProcessAAQuality:4]]
[2021.10.26-15.28.30:068][  0]LogConfig: Applying CVar settings from Section [ShadowQuality@3] File [D:/Documents/Unreal Projects/MyFirstGame/Saved/Config/Windows/Scalability.ini]
[2021.10.26-15.28.30:068][  0]LogConfig: Setting CVar [[r.LightFunctionQuality:1]]
[2021.10.26-15.28.30:068][  0]LogConfig: Setting CVar [[r.ShadowQuality:5]]
[2021.10.26-15.28.30:068][  0]LogConfig: Setting CVar [[r.Shadow.CSM.MaxCascades:10]]
[2021.10.26-15.28.30:068][  0]LogConfig: Setting CVar [[r.Shadow.MaxResolution:2048]]
[2021.10.26-15.28.30:068][  0]LogConfig: Setting CVar [[r.Shadow.MaxCSMResolution:2048]]
[2021.10.26-15.28.30:068][  0]LogConfig: Setting CVar [[r.Shadow.RadiusThreshold:0.01]]
[2021.10.26-15.28.30:068][  0]LogConfig: Setting CVar [[r.Shadow.DistanceScale:1.0]]
[2021.10.26-15.28.30:068][  0]LogConfig: Setting CVar [[r.Shadow.CSM.TransitionScale:1.0]]
[2021.10.26-15.28.30:068][  0]LogConfig: Setting CVar [[r.Shadow.PreShadowResolutionFactor:1.0]]
[2021.10.26-15.28.30:068][  0]LogConfig: Setting CVar [[r.DistanceFieldShadowing:1]]
[2021.10.26-15.28.30:068][  0]LogConfig: Setting CVar [[r.DistanceFieldAO:1]]
[2021.10.26-15.28.30:068][  0]LogConfig: Setting CVar [[r.AOQuality:2]]
[2021.10.26-15.28.30:068][  0]LogConfig: Setting CVar [[r.VolumetricFog:1]]
[2021.10.26-15.28.30:068][  0]LogConfig: Setting CVar [[r.VolumetricFog.GridPixelSize:8]]
[2021.10.26-15.28.30:068][  0]LogConfig: Setting CVar [[r.VolumetricFog.GridSizeZ:128]]
[2021.10.26-15.28.30:068][  0]LogConfig: Setting CVar [[r.VolumetricFog.HistoryMissSupersampleCount:4]]
[2021.10.26-15.28.30:068][  0]LogConfig: Setting CVar [[r.LightMaxDrawDistanceScale:1]]
[2021.10.26-15.28.30:068][  0]LogConfig: Setting CVar [[r.CapsuleShadows:1]]
[2021.10.26-15.28.30:068][  0]LogConfig: Applying CVar settings from Section [PostProcessQuality@3] File [D:/Documents/Unreal Projects/MyFirstGame/Saved/Config/Windows/Scalability.ini]
[2021.10.26-15.28.30:068][  0]LogConfig: Setting CVar [[r.MotionBlurQuality:4]]
[2021.10.26-15.28.30:068][  0]LogConfig: Setting CVar [[r.AmbientOcclusionMipLevelFactor:0.4]]
[2021.10.26-15.28.30:068][  0]LogConfig: Setting CVar [[r.AmbientOcclusionMaxQuality:100]]
[2021.10.26-15.28.30:068][  0]LogConfig: Setting CVar [[r.AmbientOcclusionLevels:-1]]
[2021.10.26-15.28.30:068][  0]LogConfig: Setting CVar [[r.AmbientOcclusionRadiusScale:1.0]]
[2021.10.26-15.28.30:068][  0]LogConfig: Setting CVar [[r.DepthOfFieldQuality:2]]
[2021.10.26-15.28.30:068][  0]LogConfig: Setting CVar [[r.RenderTargetPoolMin:400]]
[2021.10.26-15.28.30:068][  0]LogConfig: Setting CVar [[r.LensFlareQuality:2]]
[2021.10.26-15.28.30:068][  0]LogConfig: Setting CVar [[r.SceneColorFringeQuality:1]]
[2021.10.26-15.28.30:068][  0]LogConfig: Setting CVar [[r.EyeAdaptationQuality:2]]
[2021.10.26-15.28.30:068][  0]LogConfig: Setting CVar [[r.BloomQuality:5]]
[2021.10.26-15.28.30:068][  0]LogConfig: Setting CVar [[r.FastBlurThreshold:100]]
[2021.10.26-15.28.30:068][  0]LogConfig: Setting CVar [[r.Upscale.Quality:3]]
[2021.10.26-15.28.30:068][  0]LogConfig: Setting CVar [[r.Tonemapper.GrainQuantization:1]]
[2021.10.26-15.28.30:069][  0]LogConfig: Setting CVar [[r.LightShaftQuality:1]]
[2021.10.26-15.28.30:069][  0]LogConfig: Setting CVar [[r.Filter.SizeScale:1]]
[2021.10.26-15.28.30:069][  0]LogConfig: Setting CVar [[r.Tonemapper.Quality:5]]
[2021.10.26-15.28.30:069][  0]LogConfig: Setting CVar [[r.DOF.Gather.AccumulatorQuality:1        ; higher gathering accumulator quality]]
[2021.10.26-15.28.30:069][  0]LogConfig: Setting CVar [[r.DOF.Gather.PostfilterMethod:1          ; Median3x3 postfilering method]]
[2021.10.26-15.28.30:069][  0]LogConfig: Setting CVar [[r.DOF.Gather.EnableBokehSettings:0       ; no bokeh simulation when gathering]]
[2021.10.26-15.28.30:069][  0]LogConfig: Setting CVar [[r.DOF.Gather.RingCount:4                 ; medium number of samples when gathering]]
[2021.10.26-15.28.30:069][  0]LogConfig: Setting CVar [[r.DOF.Scatter.ForegroundCompositing:1    ; additive foreground scattering]]
[2021.10.26-15.28.30:069][  0]LogConfig: Setting CVar [[r.DOF.Scatter.BackgroundCompositing:2    ; additive background scattering]]
[2021.10.26-15.28.30:069][  0]LogConfig: Setting CVar [[r.DOF.Scatter.EnableBokehSettings:1      ; bokeh simulation when scattering]]
[2021.10.26-15.28.30:069][  0]LogConfig: Setting CVar [[r.DOF.Scatter.MaxSpriteRatio:0.1         ; only a maximum of 10% of scattered bokeh]]
[2021.10.26-15.28.30:069][  0]LogConfig: Setting CVar [[r.DOF.Recombine.Quality:1                ; cheap slight out of focus]]
[2021.10.26-15.28.30:069][  0]LogConfig: Setting CVar [[r.DOF.Recombine.EnableBokehSettings:0    ; no bokeh simulation on slight out of focus]]
[2021.10.26-15.28.30:069][  0]LogConfig: Setting CVar [[r.DOF.TemporalAAQuality:1                ; more stable temporal accumulation]]
[2021.10.26-15.28.30:069][  0]LogConfig: Setting CVar [[r.DOF.Kernel.MaxForegroundRadius:0.025]]
[2021.10.26-15.28.30:069][  0]LogConfig: Setting CVar [[r.DOF.Kernel.MaxBackgroundRadius:0.025]]
[2021.10.26-15.28.30:069][  0]LogConfig: Applying CVar settings from Section [TextureQuality@3] File [D:/Documents/Unreal Projects/MyFirstGame/Saved/Config/Windows/Scalability.ini]
[2021.10.26-15.28.30:069][  0]LogConfig: Setting CVar [[r.Streaming.MipBias:0]]
[2021.10.26-15.28.30:069][  0]LogConfig: Setting CVar [[r.Streaming.AmortizeCPUToGPUCopy:0]]
[2021.10.26-15.28.30:069][  0]LogConfig: Setting CVar [[r.Streaming.MaxNumTexturesToStreamPerFrame:0]]
[2021.10.26-15.28.30:069][  0]LogConfig: Setting CVar [[r.Streaming.Boost:1]]
[2021.10.26-15.28.30:069][  0]LogConfig: Setting CVar [[r.MaxAnisotropy:8]]
[2021.10.26-15.28.30:069][  0]LogConfig: Setting CVar [[r.VT.MaxAnisotropy:8]]
[2021.10.26-15.28.30:069][  0]LogConfig: Setting CVar [[r.Streaming.LimitPoolSizeToVRAM:0]]
[2021.10.26-15.28.30:069][  0]LogConfig: Setting CVar [[r.Streaming.PoolSize:1000]]
[2021.10.26-15.28.30:069][  0]LogConfig: Setting CVar [[r.Streaming.MaxEffectiveScreenSize:0]]
[2021.10.26-15.28.30:069][  0]LogConfig: Applying CVar settings from Section [EffectsQuality@3] File [D:/Documents/Unreal Projects/MyFirstGame/Saved/Config/Windows/Scalability.ini]
[2021.10.26-15.28.30:069][  0]LogConfig: Setting CVar [[r.TranslucencyLightingVolumeDim:64]]
[2021.10.26-15.28.30:069][  0]LogConfig: Setting CVar [[r.RefractionQuality:2]]
[2021.10.26-15.28.30:069][  0]LogConfig: Setting CVar [[r.SSR.Quality:3]]
[2021.10.26-15.28.30:069][  0]LogConfig: Setting CVar [[r.SSR.HalfResSceneColor:0]]
[2021.10.26-15.28.30:069][  0]LogConfig: Setting CVar [[r.SceneColorFormat:4]]
[2021.10.26-15.28.30:069][  0]LogConfig: Setting CVar [[r.DetailMode:2]]
[2021.10.26-15.28.30:069][  0]LogConfig: Setting CVar [[r.TranslucencyVolumeBlur:1]]
[2021.10.26-15.28.30:069][  0]LogConfig: Setting CVar [[r.MaterialQualityLevel:1 ; High quality]]
[2021.10.26-15.28.30:069][  0]LogConfig: Setting CVar [[r.AnisotropicMaterials:1]]
[2021.10.26-15.28.30:069][  0]LogConfig: Setting CVar [[r.SSS.Scale:1]]
[2021.10.26-15.28.30:069][  0]LogConfig: Setting CVar [[r.SSS.SampleSet:2]]
[2021.10.26-15.28.30:069][  0]LogConfig: Setting CVar [[r.SSS.Quality:1]]
[2021.10.26-15.28.30:069][  0]LogConfig: Setting CVar [[r.SSS.HalfRes:0]]
[2021.10.26-15.28.30:069][  0]LogConfig: Setting CVar [[r.SSGI.Quality:3]]
[2021.10.26-15.28.30:069][  0]LogConfig: Setting CVar [[r.EmitterSpawnRateScale:1.0]]
[2021.10.26-15.28.30:069][  0]LogConfig: Setting CVar [[r.ParticleLightQuality:2]]
[2021.10.26-15.28.30:069][  0]LogConfig: Setting CVar [[r.SkyAtmosphere.AerialPerspectiveLUT.FastApplyOnOpaque:1 ; Always have FastSkyLUT 1 in this case to avoid wrong sky]]
[2021.10.26-15.28.30:069][  0]LogConfig: Setting CVar [[r.SkyAtmosphere.AerialPerspectiveLUT.SampleCountMaxPerSlice:4]]
[2021.10.26-15.28.30:069][  0]LogConfig: Setting CVar [[r.SkyAtmosphere.AerialPerspectiveLUT.DepthResolution:16.0]]
[2021.10.26-15.28.30:069][  0]LogConfig: Setting CVar [[r.SkyAtmosphere.FastSkyLUT:1]]
[2021.10.26-15.28.30:069][  0]LogConfig: Setting CVar [[r.SkyAtmosphere.FastSkyLUT.SampleCountMin:4.0]]
[2021.10.26-15.28.30:069][  0]LogConfig: Setting CVar [[r.SkyAtmosphere.FastSkyLUT.SampleCountMax:128.0]]
[2021.10.26-15.28.30:069][  0]LogConfig: Setting CVar [[r.SkyAtmosphere.SampleCountMin:4.0]]
[2021.10.26-15.28.30:069][  0]LogConfig: Setting CVar [[r.SkyAtmosphere.SampleCountMax:128.0]]
[2021.10.26-15.28.30:069][  0]LogConfig: Setting CVar [[r.SkyAtmosphere.TransmittanceLUT.UseSmallFormat:0]]
[2021.10.26-15.28.30:069][  0]LogConfig: Setting CVar [[r.SkyAtmosphere.TransmittanceLUT.SampleCount:10.0]]
[2021.10.26-15.28.30:069][  0]LogConfig: Setting CVar [[r.SkyAtmosphere.MultiScatteringLUT.SampleCount:15.0]]
[2021.10.26-15.28.30:069][  0]LogConfig: Setting CVar [[r.SkyLight.RealTimeReflectionCapture:1]]
[2021.10.26-15.28.30:069][  0]LogConfig: Applying CVar settings from Section [FoliageQuality@3] File [D:/Documents/Unreal Projects/MyFirstGame/Saved/Config/Windows/Scalability.ini]
[2021.10.26-15.28.30:069][  0]LogConfig: Setting CVar [[foliage.DensityScale:1.0]]
[2021.10.26-15.28.30:069][  0]LogConfig: Setting CVar [[grass.DensityScale:1.0]]
[2021.10.26-15.28.30:069][  0]LogConfig: Applying CVar settings from Section [ShadingQuality@3] File [D:/Documents/Unreal Projects/MyFirstGame/Saved/Config/Windows/Scalability.ini]
[2021.10.26-15.28.30:069][  0]LogConfig: Setting CVar [[r.HairStrands.SkyLighting.IntegrationType:2]]
[2021.10.26-15.28.30:069][  0]LogConfig: Setting CVar [[r.HairStrands.SkyAO.SampleCount:4]]
[2021.10.26-15.28.30:069][  0]LogConfig: Setting CVar [[r.HairStrands.Visibility.MSAA.SamplePerPixel:4]]
[2021.10.26-15.28.30:069][  0]LogConfig: Applying CVar settings from Section [Startup] File [../../../Engine/Config/ConsoleVariables.ini]
[2021.10.26-15.28.30:069][  0]LogConfig: Setting CVar [[net.UseAdaptiveNetUpdateFrequency:0]]
[2021.10.26-15.28.30:070][  0]LogConfig: Setting CVar [[p.chaos.AllowCreatePhysxBodies:1]]
[2021.10.26-15.28.30:070][  0]LogConfig: Setting CVar [[fx.SkipVectorVMBackendOptimizations:1]]
[2021.10.26-15.28.30:070][  0]LogConfig: Applying CVar settings from Section [ConsoleVariables] File [D:/Documents/Unreal Projects/MyFirstGame/Saved/Config/Windows/Engine.ini]
[2021.10.26-15.28.30:070][  0]LogConfig: Applying CVar settings from Section [ConsoleVariables] File [D:/Documents/Unreal Projects/MyFirstGame/Saved/Config/Windows/Editor.ini]
[2021.10.26-15.28.30:070][  0]LogInit: Computer: LEGION523
[2021.10.26-15.28.30:070][  0]LogInit: User: chefr
[2021.10.26-15.28.30:070][  0]LogInit: CPU Page size=4096, Cores=6
[2021.10.26-15.28.30:070][  0]LogInit: High frequency timer resolution =10.000000 MHz
[2021.10.26-15.28.30:070][  0]LogMemory: Memory total: Physical=15.9GB (16GB approx)
[2021.10.26-15.28.30:070][  0]LogMemory: Platform Memory Stats for Windows
[2021.10.26-15.28.30:070][  0]LogMemory: Process Physical Memory: 149.78 MB used, 149.78 MB peak
[2021.10.26-15.28.30:070][  0]LogMemory: Process Virtual Memory: 123.16 MB used, 123.16 MB peak
[2021.10.26-15.28.30:070][  0]LogMemory: Physical Memory: 10090.88 MB used,  6212.43 MB free, 16303.30 MB total
[2021.10.26-15.28.30:070][  0]LogMemory: Virtual Memory: 134210032.00 MB used,  7696.49 MB free, 134217728.00 MB total
[2021.10.26-15.28.30:079][  0]LogWindows: WindowsPlatformFeatures enabled
[2021.10.26-15.28.30:132][  0]LogInit: Physics initialised using underlying interface: PhysX
[2021.10.26-15.28.30:159][  0]LogInit: Using OS detected language (en-US).
[2021.10.26-15.28.30:159][  0]LogInit: Using OS detected locale (en-US).
[2021.10.26-15.28.30:161][  0]LogTextLocalizationManager: No specific localization for 'en-US' exists, so the 'en' localization will be used.
[2021.10.26-15.28.30:365][  0]LogInit: Setting process to per monitor DPI aware
[2021.10.26-15.28.30:380][  0]LogWindowsTextInputMethodSystem: Display: IME system deactivated.
[2021.10.26-15.28.30:435][  0]LogSlate: New Slate User Created.  User Index 0, Is Virtual User: 0
[2021.10.26-15.28.30:435][  0]LogSlate: Slate User Registered.  User Index 0, Is Virtual User: 0
[2021.10.26-15.28.30:671][  0]LogD3D11RHI: Loaded GFSDK_Aftermath_Lib.x64.dll
[2021.10.26-15.28.30:675][  0]LogHMD: Failed to initialize OpenVR with code 110
[2021.10.26-15.28.30:675][  0]LogD3D11RHI: D3D11 min allowed feature level: 11_0
[2021.10.26-15.28.30:675][  0]LogD3D11RHI: D3D11 max allowed feature level: 11_0
[2021.10.26-15.28.30:675][  0]LogD3D11RHI: D3D11 adapters:
[2021.10.26-15.28.30:765][  0]LogD3D11RHI:    0. 'NVIDIA GeForce RTX 2060' (Feature Level 11_0)
[2021.10.26-15.28.30:765][  0]LogD3D11RHI:       5980/0/8151 MB DedicatedVideo/DedicatedSystem/SharedSystem, Outputs:1, VendorId:0x10de
[2021.10.26-15.28.30:768][  0]LogD3D11RHI:    1. 'Microsoft Basic Render Driver' (Feature Level 11_0)
[2021.10.26-15.28.30:768][  0]LogD3D11RHI:       0/0/8151 MB DedicatedVideo/DedicatedSystem/SharedSystem, Outputs:0, VendorId:0x1414
[2021.10.26-15.28.30:768][  0]LogD3D11RHI: Chosen D3D11 Adapter:
[2021.10.26-15.28.30:768][  0]LogD3D11RHI:     Description : NVIDIA GeForce RTX 2060
[2021.10.26-15.28.30:768][  0]LogD3D11RHI:     VendorId    : 10de
[2021.10.26-15.28.30:768][  0]LogD3D11RHI:     DeviceId    : 1f51
[2021.10.26-15.28.30:768][  0]LogD3D11RHI:     SubSysId    : 3fee17aa
[2021.10.26-15.28.30:768][  0]LogD3D11RHI:     Revision    : 00a1
[2021.10.26-15.28.30:768][  0]LogD3D11RHI:     DedicatedVideoMemory : 6270484480 bytes
[2021.10.26-15.28.30:768][  0]LogD3D11RHI:     DedicatedSystemMemory : 0 bytes
[2021.10.26-15.28.30:768][  0]LogD3D11RHI:     SharedSystemMemory : 8547624960 bytes
[2021.10.26-15.28.30:768][  0]LogD3D11RHI:     AdapterLuid : 0 63557
[2021.10.26-15.28.30:777][  0]LogD3D11RHI: Creating new Direct3DDevice
[2021.10.26-15.28.30:777][  0]LogD3D11RHI:     GPU DeviceId: 0x1f51 (for the marketing name, search the web for "GPU Device Id")
[2021.10.26-15.28.30:777][  0]LogWindows: EnumDisplayDevices:
[2021.10.26-15.28.30:777][  0]LogWindows:    0. 'NVIDIA GeForce RTX 2060' (P:1 D:1)
[2021.10.26-15.28.30:777][  0]LogWindows:    1. 'NVIDIA GeForce RTX 2060' (P:0 D:0)
[2021.10.26-15.28.30:777][  0]LogWindows:    2. 'NVIDIA GeForce RTX 2060' (P:0 D:0)
[2021.10.26-15.28.30:778][  0]LogWindows:    3. 'NVIDIA GeForce RTX 2060' (P:0 D:0)
[2021.10.26-15.28.30:778][  0]LogWindows: DebugString: FoundDriverCount:4 
[2021.10.26-15.28.30:778][  0]LogD3D11RHI:     Adapter Name: NVIDIA GeForce RTX 2060
[2021.10.26-15.28.30:778][  0]LogD3D11RHI:   Driver Version: 466.27 (internal:27.21.14.6627, unified:466.27)
[2021.10.26-15.28.30:778][  0]LogD3D11RHI:      Driver Date: 4-23-2021
[2021.10.26-15.28.30:778][  0]LogRHI: Texture pool is 4186 MB (70% of 5980 MB)
[2021.10.26-15.28.30:778][  0]LogD3D11RHI: Creating D3DDevice using adapter:
[2021.10.26-15.28.30:778][  0]LogD3D11RHI:     Description : NVIDIA GeForce RTX 2060
[2021.10.26-15.28.30:778][  0]LogD3D11RHI:     VendorId    : 10de
[2021.10.26-15.28.30:778][  0]LogD3D11RHI:     DeviceId    : 1f51
[2021.10.26-15.28.30:778][  0]LogD3D11RHI:     SubSysId    : 3fee17aa
[2021.10.26-15.28.30:778][  0]LogD3D11RHI:     Revision    : 00a1
[2021.10.26-15.28.30:778][  0]LogD3D11RHI:     DedicatedVideoMemory : 6270484480 bytes
[2021.10.26-15.28.30:778][  0]LogD3D11RHI:     DedicatedSystemMemory : 0 bytes
[2021.10.26-15.28.30:778][  0]LogD3D11RHI:     SharedSystemMemory : 8547624960 bytes
[2021.10.26-15.28.30:778][  0]LogD3D11RHI:     AdapterLuid : 0 63557
[2021.10.26-15.28.30:836][  0]LogD3D11RHI: RHI has support for 64 bit atomics
[2021.10.26-15.28.30:836][  0]LogD3D11RHI: Async texture creation enabled
[2021.10.26-15.28.30:836][  0]LogD3D11RHI: Array index from any shader is supported
[2021.10.26-15.28.30:838][  0]LogD3D11RHI: HDR output is supported on display 0 (NvId: 0x80061086).
[2021.10.26-15.28.30:855][  0]LogD3D11RHI: GPU Timing Frequency: 1000.000000 (Debug: 2 1)
[2021.10.26-15.28.30:911][  0]LogRHI: GeForceNow SDK initialized: 1
[2021.10.26-15.28.31:335][  0]LogTargetPlatformManager: Display: Loaded TargetPlatform 'AllDesktop'
[2021.10.26-15.28.31:357][  0]LogTargetPlatformManager: Display: Loaded TargetPlatform 'Android'
[2021.10.26-15.28.31:357][  0]LogTargetPlatformManager: Display: Loaded TargetPlatform 'Android_ASTC'
[2021.10.26-15.28.31:357][  0]LogTargetPlatformManager: Display: Loaded TargetPlatform 'Android_DXT'
[2021.10.26-15.28.31:357][  0]LogTargetPlatformManager: Display: Loaded TargetPlatform 'Android_ETC2'
[2021.10.26-15.28.31:357][  0]LogTargetPlatformManager: Display: Loaded TargetPlatform 'AndroidClient'
[2021.10.26-15.28.31:357][  0]LogTargetPlatformManager: Display: Loaded TargetPlatform 'Android_ASTCClient'
[2021.10.26-15.28.31:357][  0]LogTargetPlatformManager: Display: Loaded TargetPlatform 'Android_DXTClient'
[2021.10.26-15.28.31:357][  0]LogTargetPlatformManager: Display: Loaded TargetPlatform 'Android_ETC2Client'
[2021.10.26-15.28.31:357][  0]LogTargetPlatformManager: Display: Loaded TargetPlatform 'Android_Multi'
[2021.10.26-15.28.31:357][  0]LogTargetPlatformManager: Display: Loaded TargetPlatform 'Android_MultiClient'
[2021.10.26-15.28.31:376][  0]LogTargetPlatformManager: Display: Loaded TargetPlatform 'IOSClient'
[2021.10.26-15.28.31:376][  0]LogTargetPlatformManager: Display: Loaded TargetPlatform 'IOS'
[2021.10.26-15.28.31:386][  0]LogTargetPlatformManager: Display: Loaded TargetPlatform 'Linux'
[2021.10.26-15.28.31:391][  0]LogTargetPlatformManager: Display: Loaded TargetPlatform 'LinuxNoEditor'
[2021.10.26-15.28.31:396][  0]LogTargetPlatformManager: Display: Loaded TargetPlatform 'LinuxClient'
[2021.10.26-15.28.31:402][  0]LogTargetPlatformManager: Display: Loaded TargetPlatform 'LinuxServer'
[2021.10.26-15.28.31:414][  0]LogTargetPlatformManager: Display: Loaded TargetPlatform 'LinuxAArch64NoEditor'
[2021.10.26-15.28.31:419][  0]LogTargetPlatformManager: Display: Loaded TargetPlatform 'LinuxAArch64Client'
[2021.10.26-15.28.31:425][  0]LogTargetPlatformManager: Display: Loaded TargetPlatform 'LinuxAArch64Server'
[2021.10.26-15.28.31:447][  0]LogTargetPlatformManager: Display: Loaded TargetPlatform 'Lumin'
[2021.10.26-15.28.31:447][  0]LogTargetPlatformManager: Display: Loaded TargetPlatform 'LuminClient'
[2021.10.26-15.28.31:455][  0]LogTargetPlatformManager: Display: Loaded TargetPlatform 'MacNoEditor'
[2021.10.26-15.28.31:460][  0]LogTargetPlatformManager: Display: Loaded TargetPlatform 'Mac'
[2021.10.26-15.28.31:465][  0]LogTargetPlatformManager: Display: Loaded TargetPlatform 'MacClient'
[2021.10.26-15.28.31:470][  0]LogTargetPlatformManager: Display: Loaded TargetPlatform 'MacServer'
[2021.10.26-15.28.31:480][  0]LogTargetPlatformManager: Display: Loaded TargetPlatform 'TVOSClient'
[2021.10.26-15.28.31:480][  0]LogTargetPlatformManager: Display: Loaded TargetPlatform 'TVOS'
[2021.10.26-15.28.31:489][  0]LogTargetPlatformManager: Display: Loaded TargetPlatform 'WindowsNoEditor'
[2021.10.26-15.28.31:494][  0]LogTargetPlatformManager: Display: Loaded TargetPlatform 'Windows'
[2021.10.26-15.28.31:499][  0]LogTargetPlatformManager: Display: Loaded TargetPlatform 'WindowsClient'
[2021.10.26-15.28.31:503][  0]LogTargetPlatformManager: Display: Loaded TargetPlatform 'WindowsServer'
[2021.10.26-15.28.31:503][  0]LogTargetPlatformManager: Display: Building Assets For Windows
[2021.10.26-15.28.31:513][  0]LogAudioDebug: Display: Lib vorbis DLL was dynamically loaded.
[2021.10.26-15.28.31:546][  0]LogTextureFormatOodle: Display: Oodle Texture 2.9.0 init RDO Off
[2021.10.26-15.28.31:587][  0]LogRendererCore: Ray tracing is disabled. Reason: r.RayTracing=0.
[2021.10.26-15.28.31:587][  0]LogShaderCompilers: Guid format shader working directory is -7 characters bigger than the processId version (../../../../../Documents/Unreal Projects/MyFirstGame/Intermediate/Shaders/WorkingDirectory/30372/).
[2021.10.26-15.28.31:587][  0]LogShaderCompilers: Cleaned the shader compiler working directory 'C:/Users/chefr/AppData/Local/Temp/UnrealShaderWorkingDir/482D377F4C94FEFF2598129F83819669/'.
[2021.10.26-15.28.31:587][  0]LogXGEController: Cannot use XGE Controller as Incredibuild is not installed on this machine.
[2021.10.26-15.28.31:587][  0]LogShaderCompilers: Cannot use XGE Shader Compiler as Incredibuild is not installed on this machine.
[2021.10.26-15.28.31:587][  0]LogShaderCompilers: Display: Using Local Shader Compiler.
[2021.10.26-15.28.32:323][  0]LogDerivedDataCache: Display: Max Cache Size: 512 MB
[2021.10.26-15.28.32:386][  0]LogDerivedDataCache: Loaded boot cache 0.06s 103MB C:/Users/chefr/AppData/Local/UnrealEngine/4.27/DerivedDataCache/Boot.ddc.
[2021.10.26-15.28.32:386][  0]LogDerivedDataCache: Display: Loaded Boot cache: C:/Users/chefr/AppData/Local/UnrealEngine/4.27/DerivedDataCache/Boot.ddc
[2021.10.26-15.28.32:406][  0]LogDerivedDataCache: FDerivedDataBackendGraph:  Pak pak cache file ../../../../../Documents/Unreal Projects/MyFirstGame/DerivedDataCache/DDC.ddp not found, will not use a pak cache.
[2021.10.26-15.28.32:406][  0]LogDerivedDataCache: Unable to find inner node Pak for hierarchical cache Hierarchy.
[2021.10.26-15.28.32:406][  0]LogDerivedDataCache: FDerivedDataBackendGraph:  CompressedPak pak cache file ../../../../../Documents/Unreal Projects/MyFirstGame/DerivedDataCache/Compressed.ddp not found, will not use a pak cache.
[2021.10.26-15.28.32:406][  0]LogDerivedDataCache: Unable to find inner node CompressedPak for hierarchical cache Hierarchy.
[2021.10.26-15.28.32:420][  0]LogDerivedDataCache: Display: Pak cache opened for reading ../../../Engine/DerivedDataCache/Compressed.ddp.
[2021.10.26-15.28.32:420][  0]LogDerivedDataCache: FDerivedDataBackendGraph:  EnterprisePak pak cache file ../../../Enterprise/DerivedDataCache/Compressed.ddp not found, will not use a pak cache.
[2021.10.26-15.28.32:421][  0]LogDerivedDataCache: Unable to find inner node EnterprisePak for hierarchical cache Hierarchy.
[2021.10.26-15.28.32:432][  0]LogDerivedDataCache: Speed tests for C:/Users/chefr/AppData/Local/UnrealEngine/Common/DerivedDataCache took 0.01 seconds
[2021.10.26-15.28.32:432][  0]LogDerivedDataCache: Display: Performance to C:/Users/chefr/AppData/Local/UnrealEngine/Common/DerivedDataCache: Latency=0.03ms. RandomReadSpeed=999.88MBs, RandomWriteSpeed=91.14MBs. Assigned SpeedClass 'Local'
[2021.10.26-15.28.32:434][  0]LogDerivedDataCache: Using Local data cache path C:/Users/chefr/AppData/Local/UnrealEngine/Common/DerivedDataCache: Writable
[2021.10.26-15.28.32:434][  0]LogDerivedDataCache: Shared data cache path not found in *engine.ini, will not use an Shared cache.
[2021.10.26-15.28.32:434][  0]LogDerivedDataCache: Unable to find inner node Shared for hierarchical cache Hierarchy.
[2021.10.26-15.28.32:479][  0]LogSlate: Using FreeType 2.10.0
[2021.10.26-15.28.32:480][  0]LogSlate: SlateFontServices - WITH_FREETYPE: 1, WITH_HARFBUZZ: 1
[2021.10.26-15.28.32:515][  0]LogAssetRegistry: FAssetRegistry took 0.0029 seconds to start up
[2021.10.26-15.28.32:731][  0]LogInit: Selected Device Profile: [Windows]
[2021.10.26-15.28.32:731][  0]LogInit: Active device profile: [0000025EC7264900][0000025EB930A400 49] Windows
[2021.10.26-15.28.32:732][  0]LogInit: Profiles: [0000025EC7264900][0000025EB930A400 49] Windows, [0000025EC722F800][0000025EB930E540 49] WindowsNoEditor, [0000025EC7267500][0000025EBE55A680 49] WindowsServer, [0000025EC722CE00][0000025EBE55E7C0 49] WindowsClient, [0000025EC7267800][0000025EBE562900 49] IOS, [0000025EC722E800][0000025EBE56AA80 49] iPadAir, [0000025EC7266000][0000025EC6540C00 49] iPadAir2, [0000025EC71E0A00][0000025EC6548EC0 49] IPadPro, [0000025EC71E0B00][0000025EC6544F00 49] iPadAir3, [0000025EC722D900][0000025EC654D080 49] iPadAir4, [0000025EC71E3400][0000025EC6551200 49] iPadMini2, [0000025EC722EA00][0000025EC6555380 49] iPadMini3, [0000025EC71E1700][0000025EC6559500 49] iPadMini4, [0000025EC7265100][0000025EC655D680 49] iPadMini5, [0000025EC71F4300][0000025EC656D940 49] iPhone6, [0000025EC71F4400][0000025EC6569980 49] iPodTouch6, [0000025EC7147F00][0000025EC65740C0 49] iPhone7, [0000025EC7147E00][0000025EC6570100 49] iPodTouch7, [0000025EC722E000][0000025EC6578280 49] iPhone5S, [0000025EC7145A00][0000025EC657C400 49] iPhone6Plus, [0000025EC71F4200][0000025EC7AE0580 49] iPhone6S, [0000025EC7144600][0000025EC7AE4700 49] iPhone6SPlus, [0000025EC71F6900][0000025EBE566840 49] iPhone7Plus, [0000025EC7147100][0000025EC7AE8980 49] iPhoneSE, [0000025EC71F6200][0000025EC7AECAC0 49] iPhone8, [0000025EC7147B00][0000025EC7AF4C40 49] iPhone8Plus, [0000025EC71F4A00][0000025EC7AF8DC0 49] iPhoneX, [0000025EC7145400][0000025EC7B00F40 49] iPhoneXS, [0000025EC71F7900][0000025EC7B050C0 49] iPhoneXSMax, [0000025EC7144900][0000025EC7B09240 49] iPhoneXR, [0000025EC71F6F00][0000025EC7B0D3C0 49] iPhone11, [0000025EC7145300][0000025EC7B19540 49] iPhone11Pro, [0000025EC71F5000][0000025EC7B1D6C0 49] iPhone11ProMax, [0000025EC7146A00][0000025EC7B29840 49] iPhoneSE2, [0000025EC71F5400][0000025EC7B2D9C0 49] iPhone12Mini, [0000025EC7146400][0000025EC7B35B40 49] iPhone12, [0000025EC71F4D00][0000025EC7B58140 49] iPhone12Pro, [0000025EC7146B00][0000025EC7B7C2C0 49] iPhone12ProMax, [0000025EC71F7000][0000025EC7B90440 49] iPadPro105, [0000025EC7144700][0000025EC7B945C0 49] iPadPro129, [0000025EC71F6800][0000025EC7B98740 49] iPadPro97, [0000025EC7146600][0000025EC7B9C8C0 49] iPadPro2_129, [0000025EC71F7C00][0000025EC7AF0A00 49] iPad5, [0000025EC7146200][0000025EC7BA0B40 49] iPad6, [0000025EC71F4F00][0000025EC7BA4C80 49] iPad7, [0000025EC7146D00][0000025EC7BA8DC0 49] iPad8, [0000025EC71F5100][0000025EC7BB4F40 49] iPadPro11, [0000025EC7145600][0000025EC7BB90C0 49] iPadPro2_11, [0000025EC71F7400][0000025EC7BC1240 49] iPadPro3_129, [0000025EC7146800][0000025EC7BC93C0 49] iPadPro4_129, [0000025EC71F7A00][0000025EC7BD9540 49] AppleTV, [0000025EC7146100][0000025EC7C0D6C0 49] AppleTV4K, [0000025EC71F5F00][0000025EC7C15840 49] TVOS, [0000025EC7147400][0000025EC7C199C0 49] Mac, [0000025EC71F7800][0000025EC7C1DB40 49] MacClient, [0000025EC7145E00][0000025EC7C20140 49] MacNoEditor, [0000025EC71F7F00][0000025EC7C782C0 49] MacServer, [0000025EC7147500][0000025EC7C7C440 49] Linux, [0000025EC71F4C00][0000025EC7CE45C0 49] LinuxAArch64, [0000025EC7146F00][0000025EC7D62740 49] LinuxNoEditor, [0000025EC71F4B00][0000025EC7D668C0 49] LinuxAArch64NoEditor, [0000025EC7147700][0000025EC7D6AA40 49] LinuxClient, [0000025EC71F5A00][0000025EC7BB0B80 49] LinuxAArch64Client, [0000025EC7145000][0000025EC7D6ECC0 49] LinuxServer, [0000025EC71F6500][0000025EC7D72E00 49] LinuxAArch64Server, [0000025EC7145900][0000025EC7D76F40 49] Android, [0000025EC71F5300][0000025EC7D7F0C0 49] Android_Low, [0000025EC7146700][0000025EC7D83240 49] Android_Mid, [0000025EC71F6B00][0000025EC7D873C0 49] Android_High, [0000025EC7147800][0000025EC7D8B540 49] Android_Default, [0000025EC71F5600][0000025EC7D8F6C0 49] Android_Adreno4xx, [0000025EC7145500][0000025EC7D93840 49] Android_Adreno5xx_Low, [0000025EC71E3600][0000025EC7D979C0 49] Android_Adreno5xx, [0000025EC722D800][0000025EC7D9BB40 49] Android_Adreno6xx, [0000025EC71E1200][0000025EC7D9E140 49] Android_Adreno6xx_Vulkan, [0000025EC722FC00][0000025EC7DA22C0 49] Android_Mali_T6xx, [0000025EC71E1100][0000025EC7DA6440 49] Android_Mali_T7xx, [0000025EC722D600][0000025EC7DAA5C0 49] Android_Mali_T8xx, [0000025EC71E1E00][0000025EC7DAE740 49] Android_Mali_G71, [0000025EC722C500][0000025EC7DB28C0 49] Android_Mali_G72, [0000025EC71E0800][0000025EC7DB6A40 49] Android_Mali_G72_Vulkan, [0000025EC722D300][0000025EC7DBABC0 49] Android_Mali_G76, [0000025EC71E0100][0000025EC7DBED40 49] Android_Mali_G76_Vulkan, [0000025EC722DF00][0000025EC7D7AE80 49] Android_Mali_G77, [0000025EC71E1000][0000025EC7DC2FC0 49] Android_Mali_G77_Vulkan, [0000025EC722CA00][0000025EC7DC7100 49] Android_Mali_G78, [0000025EC71E2C00][0000025EC7DCF280 49] Android_Mali_G78_Vulkan, [0000025EC722F600][0000025EC7DD3400 49] Android_Mali_G710, [0000025EC71E2A00][0000025EC7DD7580 49] Android_Mali_G710_Vulkan, [0000025EC722FF00][0000025EC7DDB700 49] Android_Vulkan_SM5, [0000025EC71E3B00][0000025EC7DDF880 49] Android_PowerVR_G6xxx, [0000025EC722FB00][0000025EC7DE3A00 49] Android_PowerVR_GT7xxx, [0000025EC71E3900][0000025EC7DE7B80 49] Android_PowerVR_GE8xxx, [0000025EC722CC00][0000025EC7DEA180 49] Android_PowerVR_GM9xxx, [0000025EC71E2700][0000025EC7DEE300 49] Android_PowerVR_GM9xxx_Vulkan, [0000025EC722E700][0000025EC7DF2480 49] Android_TegraK1, [0000025EC71E0900][0000025EC7DF6600 49] Android_Unknown_Vulkan, [0000025EC722DD00][0000025EC7DFA780 49] Lumin, [0000025EC71E0500][0000025EC7DFE900 49] Lumin_Desktop, [0000025EC722F300][0000025EC7E02A80 49] HoloLens, 
[2021.10.26-15.28.32:872][  0]LogMeshReduction: Using QuadricMeshReduction for automatic static mesh reduction
[2021.10.26-15.28.32:872][  0]LogMeshReduction: Using SimplygonMeshReduction for automatic skeletal mesh reduction
[2021.10.26-15.28.32:872][  0]LogMeshReduction: Using ProxyLODMeshReduction for automatic mesh merging
[2021.10.26-15.28.32:872][  0]LogMeshReduction: No distributed automatic mesh merging module available
[2021.10.26-15.28.32:872][  0]LogMeshMerging: No distributed automatic mesh merging module available
[2021.10.26-15.28.32:889][  0]LogNetVersion: MyFirstGame 1.0.0, NetCL: 17155196, EngineNetVer: 17, GameNetVer: 0 (Checksum: 1491123452)
[2021.10.26-15.28.33:347][  0]LogTexture: Default maximum texture size for cubemaps generated from long-lat sources has been changed from 512 to unlimited. In order to preserve old behaiour for '/Engine/MapTemplates/Sky/DaylightAmbientCubemap.DaylightAmbientCubemap', its maximum texture size has been explicitly set to 512.
[2021.10.26-15.28.33:403][  0]LogHMD: PokeAHoleMaterial loaded successfully
[2021.10.26-15.28.33:409][  0]LogUObjectArray: 17178 objects as part of root set at end of initial load.
[2021.10.26-15.28.33:409][  0]LogUObjectAllocator: 4301856 out of 0 bytes used by permanent object pool.
[2021.10.26-15.28.33:409][  0]LogUObjectArray: CloseDisregardForGC: 0/0 objects in disregard for GC pool
[2021.10.26-15.28.34:633][  0]LogNiagaraDebuggerClient: Niagara Debugger Client Initialized | Session: 2E9BF8BA4D21889A7E98379BC5A5AA91 | Instance: 11039F5A4EA180CB38A7119EC50172F8 (LEGION523-30372).
[2021.10.26-15.28.34:667][  0]LogImageWrapper: Warning: PNG Warning: Duplicate iCCP chunk
[2021.10.26-15.28.34:667][  0]LogImageWrapper: Warning: PNG Warning: Duplicate iCCP chunk
[2021.10.26-15.28.34:667][  0]LogPython: Using Python 3.7.7
[2021.10.26-15.28.35:285][  0]LogTcpMessaging: Initializing TcpMessaging bridge
[2021.10.26-15.28.35:290][  0]LogUdpMessaging: Initializing bridge on interface 0.0.0.0:0 to multicast group 230.0.0.1:6666.
[2021.10.26-15.28.39:153][  0]SourceControl: Source control is disabled
[2021.10.26-15.28.39:153][  0]SourceControl: Source control is disabled
[2021.10.26-15.28.39:156][  0]SourceControl: Source control is disabled
[2021.10.26-15.28.39:160][  0]SourceControl: Source control is disabled
[2021.10.26-15.28.39:171][  0]SourceControl: Source control is disabled
[2021.10.26-15.28.39:489][  0]LogUProjectInfo: Found projects:
[2021.10.26-15.28.39:728][  0]LogOpenImageDenoise: OIDN starting up
[2021.10.26-15.28.39:776][  0]LogAndroidPermission: UAndroidPermissionCallbackProxy::GetInstance
[2021.10.26-15.28.39:796][  0]LogAudioCaptureCore: Display: No Audio Capture implementations found. Audio input will be silent.
[2021.10.26-15.28.39:796][  0]LogAudioCaptureCore: Display: No Audio Capture implementations found. Audio input will be silent.
[2021.10.26-15.28.40:019][  0]LogCollectionManager: Loaded 0 collections in 0.002220 seconds
[2021.10.26-15.28.40:046][  0]LogFileCache: Scanning file cache for directory 'D:/Documents/Unreal Projects/MyFirstGame/Saved/Collections/' took 0.00s
[2021.10.26-15.28.40:046][  0]LogFileCache: Scanning file cache for directory 'D:/Documents/Unreal Projects/MyFirstGame/Content/Developers/chefr/Collections/' took 0.00s
[2021.10.26-15.28.40:046][  0]LogFileCache: Scanning file cache for directory 'D:/Documents/Unreal Projects/MyFirstGame/Content/Collections/' took 0.00s
[2021.10.26-15.28.40:046][  0]LogOcInput: OculusInput pre-init called
[2021.10.26-15.28.40:381][  0]LogImageWrapper: Warning: PNG Warning: Duplicate iCCP chunk
[2021.10.26-15.28.40:381][  0]LogImageWrapper: Warning: PNG Warning: Duplicate iCCP chunk
[2021.10.26-15.28.40:381][  0]LogEngine: Initializing Engine...
[2021.10.26-15.28.41:595][  0]LogHMD: Failed to enumerate extensions. Please check that you have a valid OpenXR runtime installed.
[2021.10.26-15.28.41:610][  0]LogHMD: Failed to initialize OpenVR with code 110
[2021.10.26-15.28.41:628][  0]LogMagicLeap: Warning: VR disabled because ZI is not enabled.  To enable, in the editor, Edit -> Project Settings -> Plugins -> Magic Leap Plugin -> Enable Zero Iteration
[2021.10.26-15.28.41:951][  0]LogStats: UGameplayTagsManager::InitializeManager -  0.000 s
[2021.10.26-15.28.42:071][  0]LogInit: Initializing FReadOnlyCVARCache
[2021.10.26-15.28.42:079][  0]LogAIModule: Creating AISystem for world Untitled
[2021.10.26-15.28.42:095][  0]LogAudio: Display: Initializing Audio Device Manager...
[2021.10.26-15.28.42:099][  0]LogAudio: Display: Loading Default Audio Settings Objects...
[2021.10.26-15.28.42:100][  0]LogAudio: Display: No default SoundConcurrencyObject specified (or failed to load).
[2021.10.26-15.28.42:100][  0]LogAudio: Display: Audio Device Manager Initialized
[2021.10.26-15.28.42:100][  0]LogAudio: Display: Creating Audio Device:                 Id: 1, Scope: Shared, Realtime: True
[2021.10.26-15.28.42:100][  0]LogAudioMixer: Display: Audio Mixer Platform Settings:
[2021.10.26-15.28.42:100][  0]LogAudioMixer: Display: 	Sample Rate:						  48000
[2021.10.26-15.28.42:100][  0]LogAudioMixer: Display: 	Callback Buffer Frame Size Requested: 1024
[2021.10.26-15.28.42:100][  0]LogAudioMixer: Display: 	Callback Buffer Frame Size To Use:	  1024
[2021.10.26-15.28.42:100][  0]LogAudioMixer: Display: 	Number of buffers to queue:			  2
[2021.10.26-15.28.42:100][  0]LogAudioMixer: Display: 	Max Channels (voices):				  32
[2021.10.26-15.28.42:100][  0]LogAudioMixer: Display: 	Number of Async Source Workers:		  0
[2021.10.26-15.28.42:100][  0]LogAudio: Display: AudioDevice MaxSources: 32
[2021.10.26-15.28.42:100][  0]LogAudio: Display: Audio Spatialization Plugin: None (built-in).
[2021.10.26-15.28.42:101][  0]LogAudio: Display: Audio Reverb Plugin: None (built-in).
[2021.10.26-15.28.42:101][  0]LogAudio: Display: Audio Occlusion Plugin: None (built-in).
[2021.10.26-15.28.42:101][  0]LogAudioMixer: Display: Initializing audio mixer.
[2021.10.26-15.28.42:116][  0]LogAudioMixer: Display: 0: FrontLeft
[2021.10.26-15.28.42:116][  0]LogAudioMixer: Display: 1: FrontRight
[2021.10.26-15.28.42:270][  0]LogAudioMixer: Display: Using Audio Device Speakers (Realtek(R) Audio)
[2021.10.26-15.28.42:274][  0]LogAudioMixer: Display: Initializing Sound Submixes...
[2021.10.26-15.28.42:278][  0]LogAudioMixer: Display: Creating Master Submix 'MasterSubmixDefault'
[2021.10.26-15.28.42:278][  0]LogAudioMixer: Display: Creating Master Submix 'MasterReverbSubmixDefault'
[2021.10.26-15.28.42:280][  0]LogAudioMixer: Display: Creating Master Submix 'MasterEQSubmixDefault'
[2021.10.26-15.28.42:280][  0]LogAudioMixer: FMixerPlatformXAudio2::StartAudioStream() called
[2021.10.26-15.28.42:280][  0]LogAudioMixer: Display: Output buffers initialized: Frames=1024, Channels=2, Samples=2048
[2021.10.26-15.28.42:281][  0]LogAudioMixer: Display: Starting AudioMixerPlatformInterface::RunInternal()
[2021.10.26-15.28.42:281][  0]LogAudioMixer: Display: FMixerPlatformXAudio2::SubmitBuffer() called for the first time
[2021.10.26-15.28.42:281][  0]LogInit: FAudioDevice initialized.
[2021.10.26-15.28.42:282][  0]LogAudio: Display: Audio Device (ID: 1) registered with world 'Untitled'.
[2021.10.26-15.28.42:282][  0]LogNetVersion: Set ProjectVersion to 1.0.0.0. Version Checksum will be recalculated on next use.
[2021.10.26-15.28.42:406][  0]LogDerivedDataCache: Saved boot cache 0.13s 103MB C:/Users/chefr/AppData/Local/UnrealEngine/4.27/DerivedDataCache/Boot.ddc.
[2021.10.26-15.28.42:407][  0]LogInit: Texture streaming: Enabled
[2021.10.26-15.28.42:420][  0]LogAnalytics: Display: [UEEditor.Rocket.Release] APIServer = https://datarouter.ol.epicgames.com/. AppVersion = 4.27.1-17735300+++UE4+Release-4.27
[2021.10.26-15.28.42:425][  0]LogEngineSessionManager: EngineSessionManager initialized
[2021.10.26-15.28.42:425][  0]LogEditorSessionSummary: Verbose: Initializing EditorSessionSummaryWriter for editor session tracking
[2021.10.26-15.28.42:432][  0]LogEditorSessionSummary: EditorSessionSummaryWriter initialized
[2021.10.26-15.28.42:515][  0]LogInit: Transaction tracking system initialized
[2021.10.26-15.28.42:537][  0]BlueprintLog: New page: Editor Load
[2021.10.26-15.28.42:611][  0]LocalizationService: Localization service is disabled
[2021.10.26-15.28.42:691][  0]TimingProfiler: Initialize
[2021.10.26-15.28.42:692][  0]TimingProfiler: OnSessionChanged
[2021.10.26-15.28.42:692][  0]LoadingProfiler: Initialize
[2021.10.26-15.28.42:692][  0]LoadingProfiler: OnSessionChanged
[2021.10.26-15.28.42:692][  0]NetworkingProfiler: Initialize
[2021.10.26-15.28.42:692][  0]NetworkingProfiler: OnSessionChanged
[2021.10.26-15.28.42:692][  0]MemoryProfiler: Initialize
[2021.10.26-15.28.42:692][  0]MemoryProfiler: OnSessionChanged
[2021.10.26-15.28.43:144][  0]LogCook: Display: CookSettings for Memory: MemoryMaxUsedVirtual 0MiB, MemoryMaxUsedPhysical 16384MiB, MemoryMinFreeVirtual 0MiB, MemoryMinFreePhysical 1024MiB
[2021.10.26-15.28.43:144][  0]LogCook: Display: Mobile HDR setting 1
[2021.10.26-15.28.43:150][  0]LogFileCache: Scanning file cache for directory 'D:/Documents/Unreal Projects/MyFirstGame/Content/' took 0.05s
[2021.10.26-15.28.43:614][  0]LogImageWrapper: Warning: PNG Warning: Duplicate iCCP chunk
[2021.10.26-15.28.43:614][  0]LogImageWrapper: Warning: PNG Warning: Duplicate iCCP chunk
[2021.10.26-15.28.43:614][  0]LogInit: Display: Engine is initialized. Leaving FEngineLoop::Init()
[2021.10.26-15.28.43:620][  0]SourceControl: Source control is disabled
[2021.10.26-15.28.43:620][  0]LogUnrealEdMisc: Loading editor; pre map load, took 16.043
[2021.10.26-15.28.43:620][  0]Cmd: MAP LOAD FILE="../../../../../Documents/Unreal Projects/MyFirstGame/Content/ThirdPersonCPP/Maps/ThirdPersonExampleMap.umap" TEMPLATE=0 SHOWPROGRESS=1 FEATURELEVEL=3
[2021.10.26-15.28.43:833][  0]LightingResults: New page: Lighting Build
[2021.10.26-15.28.43:834][  0]LogWorld: UWorld::CleanupWorld for Untitled, bSessionEnded=true, bCleanupResources=true
[2021.10.26-15.28.43:835][  0]LogSlate: InvalidateAllWidgets triggered.  All widgets were invalidated
[2021.10.26-15.28.43:835][  0]MapCheck: New page: Map Check
[2021.10.26-15.28.43:835][  0]LightingResults: New page: Lighting Build
[2021.10.26-15.28.43:840][  0]LogAudio: Display: Audio Device unregistered from world 'None'.
[2021.10.26-15.28.43:843][  0]LogUObjectHash: Compacting FUObjectHashTables data took   0.79ms
[2021.10.26-15.28.46:519][  0]LogAudio: Display: Audio Device (ID: 1) registered with world 'ThirdPersonExampleMap'.
[2021.10.26-15.28.46:520][  0]LogAIModule: Creating AISystem for world ThirdPersonExampleMap
[2021.10.26-15.28.46:882][  0]LogEditorServer: Finished looking for orphan Actors (0.000 secs)
[2021.10.26-15.28.46:889][  0]LogUObjectHash: Compacting FUObjectHashTables data took   0.81ms
[2021.10.26-15.28.46:889][  0]Cmd: MAP CHECKDEP NOCLEARLOG
[2021.10.26-15.28.46:889][  0]MapCheck: Map check complete: 0 Error(s), 0 Warning(s), took 0.072ms to complete.
[2021.10.26-15.28.46:889][  0]LogFileHelpers: Loading map 'ThirdPersonExampleMap' took 3.270
[2021.10.26-15.28.47:197][  0]LogUnrealEdMisc: Total Editor Startup Time, took 19.621
[2021.10.26-15.28.48:298][  0]LogSlate: Updating window title bar state: overlay mode, drag disabled, window buttons hidden, title bar hidden
[2021.10.26-15.28.48:307][  0]LogSlate: Updating window title bar state: overlay mode, drag disabled, window buttons hidden, title bar hidden
[2021.10.26-15.28.48:313][  0]LogSlate: Updating window title bar state: overlay mode, drag disabled, window buttons hidden, title bar hidden
[2021.10.26-15.28.48:318][  0]LogSlate: Updating window title bar state: overlay mode, drag disabled, window buttons hidden, title bar hidden
[2021.10.26-15.28.48:844][  0]LogNativeClassHierarchy: Verbose: Native class hierarchy populated in 0.0137 seconds. Added 3828 classes and 930 folders.
[2021.10.26-15.28.49:116][  0]LogNativeClassHierarchy: Verbose: Native class hierarchy updated for 'WidgetCarousel' in 0.0003 seconds. Added 0 classes and 0 folders.
[2021.10.26-15.28.49:403][  0]LogPakFile: PakFile PrimaryIndexSize=187
[2021.10.26-15.28.49:403][  0]LogPakFile: PakFile PathHashIndexSize=101
[2021.10.26-15.28.49:403][  0]LogPakFile: PakFile FullDirectoryIndexSize=148
[2021.10.26-15.28.49:446][  0]LogShaderLibrary: Display: ShaderCodeLibraryPakFileMountedCallback: PakFile 'D:/Epic Games/UE_4.27/FeaturePacks/FP_FirstPerson.upack' (chunk index -1, root 'root:/') mounted
[2021.10.26-15.28.49:446][  0]LogShaderLibrary: Display: ShaderCodeLibraryPakFileMountedCallback: pending pak file info (ChunkID:-1 Root:root:/ File:D:/Epic Games/UE_4.27/FeaturePacks/FP_FirstPerson.upack)
[2021.10.26-15.28.49:457][  0]LogPakFile: OnPakFileMounted2Time == 0.053244
[2021.10.26-15.28.49:476][  0]LogPakFile: PakFile PrimaryIndexSize=189
[2021.10.26-15.28.49:476][  0]LogPakFile: PakFile PathHashIndexSize=101
[2021.10.26-15.28.49:476][  0]LogPakFile: PakFile FullDirectoryIndexSize=152
[2021.10.26-15.28.49:476][  0]LogShaderLibrary: Display: ShaderCodeLibraryPakFileMountedCallback: PakFile 'D:/Epic Games/UE_4.27/FeaturePacks/FP_FirstPersonBP.upack' (chunk index -1, root 'root:/') mounted
[2021.10.26-15.28.49:476][  0]LogShaderLibrary: Display: ShaderCodeLibraryPakFileMountedCallback: pending pak file info (ChunkID:-1 Root:root:/ File:D:/Epic Games/UE_4.27/FeaturePacks/FP_FirstPersonBP.upack)
[2021.10.26-15.28.49:476][  0]LogPakFile: OnPakFileMounted2Time == 0.000046
[2021.10.26-15.28.49:490][  0]LogPakFile: PakFile PrimaryIndexSize=191
[2021.10.26-15.28.49:490][  0]LogPakFile: PakFile PathHashIndexSize=101
[2021.10.26-15.28.49:490][  0]LogPakFile: PakFile FullDirectoryIndexSize=160
[2021.10.26-15.28.49:490][  0]LogShaderLibrary: Display: ShaderCodeLibraryPakFileMountedCallback: PakFile 'D:/Epic Games/UE_4.27/FeaturePacks/MobileStarterContent.upack' (chunk index -1, root 'root:/') mounted
[2021.10.26-15.28.49:490][  0]LogShaderLibrary: Display: ShaderCodeLibraryPakFileMountedCallback: pending pak file info (ChunkID:-1 Root:root:/ File:D:/Epic Games/UE_4.27/FeaturePacks/MobileStarterContent.upack)
[2021.10.26-15.28.49:490][  0]LogPakFile: OnPakFileMounted2Time == 0.000041
[2021.10.26-15.28.49:514][  0]LogPakFile: PakFile PrimaryIndexSize=185
[2021.10.26-15.28.49:514][  0]LogPakFile: PakFile PathHashIndexSize=101
[2021.10.26-15.28.49:514][  0]LogPakFile: PakFile FullDirectoryIndexSize=148
[2021.10.26-15.28.49:514][  0]LogShaderLibrary: Display: ShaderCodeLibraryPakFileMountedCallback: PakFile 'D:/Epic Games/UE_4.27/FeaturePacks/StarterContent.upack' (chunk index -1, root 'root:/') mounted
[2021.10.26-15.28.49:514][  0]LogShaderLibrary: Display: ShaderCodeLibraryPakFileMountedCallback: pending pak file info (ChunkID:-1 Root:root:/ File:D:/Epic Games/UE_4.27/FeaturePacks/StarterContent.upack)
[2021.10.26-15.28.49:514][  0]LogPakFile: OnPakFileMounted2Time == 0.000043
[2021.10.26-15.28.49:537][  0]LogPakFile: PakFile PrimaryIndexSize=190
[2021.10.26-15.28.49:537][  0]LogPakFile: PakFile PathHashIndexSize=101
[2021.10.26-15.28.49:537][  0]LogPakFile: PakFile FullDirectoryIndexSize=154
[2021.10.26-15.28.49:537][  0]LogShaderLibrary: Display: ShaderCodeLibraryPakFileMountedCallback: PakFile 'D:/Epic Games/UE_4.27/FeaturePacks/TP_2DSideScroller.upack' (chunk index -1, root 'root:/') mounted
[2021.10.26-15.28.49:537][  0]LogShaderLibrary: Display: ShaderCodeLibraryPakFileMountedCallback: pending pak file info (ChunkID:-1 Root:root:/ File:D:/Epic Games/UE_4.27/FeaturePacks/TP_2DSideScroller.upack)
[2021.10.26-15.28.49:537][  0]LogPakFile: OnPakFileMounted2Time == 0.000042
[2021.10.26-15.28.49:551][  0]LogPakFile: PakFile PrimaryIndexSize=192
[2021.10.26-15.28.49:551][  0]LogPakFile: PakFile PathHashIndexSize=101
[2021.10.26-15.28.49:551][  0]LogPakFile: PakFile FullDirectoryIndexSize=158
[2021.10.26-15.28.49:551][  0]LogShaderLibrary: Display: ShaderCodeLibraryPakFileMountedCallback: PakFile 'D:/Epic Games/UE_4.27/FeaturePacks/TP_2DSideScrollerBP.upack' (chunk index -1, root 'root:/') mounted
[2021.10.26-15.28.49:551][  0]LogShaderLibrary: Display: ShaderCodeLibraryPakFileMountedCallback: pending pak file info (ChunkID:-1 Root:root:/ File:D:/Epic Games/UE_4.27/FeaturePacks/TP_2DSideScrollerBP.upack)
[2021.10.26-15.28.49:551][  0]LogPakFile: OnPakFileMounted2Time == 0.000040
[2021.10.26-15.28.49:555][  0]LogPakFile: PakFile PrimaryIndexSize=182
[2021.10.26-15.28.49:555][  0]LogPakFile: PakFile PathHashIndexSize=101
[2021.10.26-15.28.49:555][  0]LogPakFile: PakFile FullDirectoryIndexSize=138
[2021.10.26-15.28.49:556][  0]LogShaderLibrary: Display: ShaderCodeLibraryPakFileMountedCallback: PakFile 'D:/Epic Games/UE_4.27/FeaturePacks/TP_Flying.upack' (chunk index -1, root 'root:/') mounted
[2021.10.26-15.28.49:556][  0]LogShaderLibrary: Display: ShaderCodeLibraryPakFileMountedCallback: pending pak file info (ChunkID:-1 Root:root:/ File:D:/Epic Games/UE_4.27/FeaturePacks/TP_Flying.upack)
[2021.10.26-15.28.49:556][  0]LogPakFile: OnPakFileMounted2Time == 0.000060
[2021.10.26-15.28.49:561][  0]LogPakFile: PakFile PrimaryIndexSize=184
[2021.10.26-15.28.49:561][  0]LogPakFile: PakFile PathHashIndexSize=101
[2021.10.26-15.28.49:561][  0]LogPakFile: PakFile FullDirectoryIndexSize=142
[2021.10.26-15.28.49:561][  0]LogShaderLibrary: Display: ShaderCodeLibraryPakFileMountedCallback: PakFile 'D:/Epic Games/UE_4.27/FeaturePacks/TP_FlyingBP.upack' (chunk index -1, root 'root:/') mounted
[2021.10.26-15.28.49:561][  0]LogShaderLibrary: Display: ShaderCodeLibraryPakFileMountedCallback: pending pak file info (ChunkID:-1 Root:root:/ File:D:/Epic Games/UE_4.27/FeaturePacks/TP_FlyingBP.upack)
[2021.10.26-15.28.49:561][  0]LogPakFile: OnPakFileMounted2Time == 0.000041
[2021.10.26-15.28.49:578][  0]LogPakFile: PakFile PrimaryIndexSize=188
[2021.10.26-15.28.49:578][  0]LogPakFile: PakFile PathHashIndexSize=101
[2021.10.26-15.28.49:578][  0]LogPakFile: PakFile FullDirectoryIndexSize=150
[2021.10.26-15.28.49:578][  0]LogShaderLibrary: Display: ShaderCodeLibraryPakFileMountedCallback: PakFile 'D:/Epic Games/UE_4.27/FeaturePacks/TP_HandheldARBP.upack' (chunk index -1, root 'root:/') mounted
[2021.10.26-15.28.49:578][  0]LogShaderLibrary: Display: ShaderCodeLibraryPakFileMountedCallback: pending pak file info (ChunkID:-1 Root:root:/ File:D:/Epic Games/UE_4.27/FeaturePacks/TP_HandheldARBP.upack)
[2021.10.26-15.28.49:578][  0]LogPakFile: OnPakFileMounted2Time == 0.000041
[2021.10.26-15.28.49:645][  0]LogPakFile: PakFile PrimaryIndexSize=182
[2021.10.26-15.28.49:645][  0]LogPakFile: PakFile PathHashIndexSize=101
[2021.10.26-15.28.49:645][  0]LogPakFile: PakFile FullDirectoryIndexSize=138
[2021.10.26-15.28.49:645][  0]LogShaderLibrary: Display: ShaderCodeLibraryPakFileMountedCallback: PakFile 'D:/Epic Games/UE_4.27/FeaturePacks/TP_Puzzle.upack' (chunk index -1, root 'root:/') mounted
[2021.10.26-15.28.49:645][  0]LogShaderLibrary: Display: ShaderCodeLibraryPakFileMountedCallback: pending pak file info (ChunkID:-1 Root:root:/ File:D:/Epic Games/UE_4.27/FeaturePacks/TP_Puzzle.upack)
[2021.10.26-15.28.49:645][  0]LogPakFile: OnPakFileMounted2Time == 0.000041
[2021.10.26-15.28.49:663][  0]LogPakFile: PakFile PrimaryIndexSize=184
[2021.10.26-15.28.49:663][  0]LogPakFile: PakFile PathHashIndexSize=101
[2021.10.26-15.28.49:663][  0]LogPakFile: PakFile FullDirectoryIndexSize=142
[2021.10.26-15.28.49:663][  0]LogShaderLibrary: Display: ShaderCodeLibraryPakFileMountedCallback: PakFile 'D:/Epic Games/UE_4.27/FeaturePacks/TP_PuzzleBP.upack' (chunk index -1, root 'root:/') mounted
[2021.10.26-15.28.49:663][  0]LogShaderLibrary: Display: ShaderCodeLibraryPakFileMountedCallback: pending pak file info (ChunkID:-1 Root:root:/ File:D:/Epic Games/UE_4.27/FeaturePacks/TP_PuzzleBP.upack)
[2021.10.26-15.28.49:663][  0]LogPakFile: OnPakFileMounted2Time == 0.000050
[2021.10.26-15.28.49:670][  0]LogPakFile: PakFile PrimaryIndexSize=183
[2021.10.26-15.28.49:670][  0]LogPakFile: PakFile PathHashIndexSize=101
[2021.10.26-15.28.49:670][  0]LogPakFile: PakFile FullDirectoryIndexSize=140
[2021.10.26-15.28.49:670][  0]LogShaderLibrary: Display: ShaderCodeLibraryPakFileMountedCallback: PakFile 'D:/Epic Games/UE_4.27/FeaturePacks/TP_Rolling.upack' (chunk index -1, root 'root:/') mounted
[2021.10.26-15.28.49:670][  0]LogShaderLibrary: Display: ShaderCodeLibraryPakFileMountedCallback: pending pak file info (ChunkID:-1 Root:root:/ File:D:/Epic Games/UE_4.27/FeaturePacks/TP_Rolling.upack)
[2021.10.26-15.28.49:670][  0]LogPakFile: OnPakFileMounted2Time == 0.000041
[2021.10.26-15.28.49:678][  0]LogPakFile: PakFile PrimaryIndexSize=185
[2021.10.26-15.28.49:678][  0]LogPakFile: PakFile PathHashIndexSize=101
[2021.10.26-15.28.49:678][  0]LogPakFile: PakFile FullDirectoryIndexSize=144
[2021.10.26-15.28.49:678][  0]LogShaderLibrary: Display: ShaderCodeLibraryPakFileMountedCallback: PakFile 'D:/Epic Games/UE_4.27/FeaturePacks/TP_RollingBP.upack' (chunk index -1, root 'root:/') mounted
[2021.10.26-15.28.49:678][  0]LogShaderLibrary: Display: ShaderCodeLibraryPakFileMountedCallback: pending pak file info (ChunkID:-1 Root:root:/ File:D:/Epic Games/UE_4.27/FeaturePacks/TP_RollingBP.upack)
[2021.10.26-15.28.49:678][  0]LogPakFile: OnPakFileMounted2Time == 0.000049
[2021.10.26-15.28.49:691][  0]LogPakFile: PakFile PrimaryIndexSize=188
[2021.10.26-15.28.49:691][  0]LogPakFile: PakFile PathHashIndexSize=101
[2021.10.26-15.28.49:691][  0]LogPakFile: PakFile FullDirectoryIndexSize=150
[2021.10.26-15.28.49:691][  0]LogShaderLibrary: Display: ShaderCodeLibraryPakFileMountedCallback: PakFile 'D:/Epic Games/UE_4.27/FeaturePacks/TP_SideScroller.upack' (chunk index -1, root 'root:/') mounted
[2021.10.26-15.28.49:691][  0]LogShaderLibrary: Display: ShaderCodeLibraryPakFileMountedCallback: pending pak file info (ChunkID:-1 Root:root:/ File:D:/Epic Games/UE_4.27/FeaturePacks/TP_SideScroller.upack)
[2021.10.26-15.28.49:691][  0]LogPakFile: OnPakFileMounted2Time == 0.000043
[2021.10.26-15.28.49:695][  0]LogPakFile: PakFile PrimaryIndexSize=190
[2021.10.26-15.28.49:695][  0]LogPakFile: PakFile PathHashIndexSize=101
[2021.10.26-15.28.49:695][  0]LogPakFile: PakFile FullDirectoryIndexSize=154
[2021.10.26-15.28.49:695][  0]LogShaderLibrary: Display: ShaderCodeLibraryPakFileMountedCallback: PakFile 'D:/Epic Games/UE_4.27/FeaturePacks/TP_SideScrollerBP.upack' (chunk index -1, root 'root:/') mounted
[2021.10.26-15.28.49:695][  0]LogShaderLibrary: Display: ShaderCodeLibraryPakFileMountedCallback: pending pak file info (ChunkID:-1 Root:root:/ File:D:/Epic Games/UE_4.27/FeaturePacks/TP_SideScrollerBP.upack)
[2021.10.26-15.28.49:695][  0]LogPakFile: OnPakFileMounted2Time == 0.000041
[2021.10.26-15.28.49:714][  0]LogPakFile: PakFile PrimaryIndexSize=187
[2021.10.26-15.28.49:714][  0]LogPakFile: PakFile PathHashIndexSize=101
[2021.10.26-15.28.49:714][  0]LogPakFile: PakFile FullDirectoryIndexSize=148
[2021.10.26-15.28.49:714][  0]LogShaderLibrary: Display: ShaderCodeLibraryPakFileMountedCallback: PakFile 'D:/Epic Games/UE_4.27/FeaturePacks/TP_ThirdPerson.upack' (chunk index -1, root 'root:/') mounted
[2021.10.26-15.28.49:714][  0]LogShaderLibrary: Display: ShaderCodeLibraryPakFileMountedCallback: pending pak file info (ChunkID:-1 Root:root:/ File:D:/Epic Games/UE_4.27/FeaturePacks/TP_ThirdPerson.upack)
[2021.10.26-15.28.49:714][  0]LogPakFile: OnPakFileMounted2Time == 0.000041
[2021.10.26-15.28.49:720][  0]LogPakFile: PakFile PrimaryIndexSize=189
[2021.10.26-15.28.49:720][  0]LogPakFile: PakFile PathHashIndexSize=101
[2021.10.26-15.28.49:720][  0]LogPakFile: PakFile FullDirectoryIndexSize=152
[2021.10.26-15.28.49:720][  0]LogShaderLibrary: Display: ShaderCodeLibraryPakFileMountedCallback: PakFile 'D:/Epic Games/UE_4.27/FeaturePacks/TP_ThirdPersonBP.upack' (chunk index -1, root 'root:/') mounted
[2021.10.26-15.28.49:720][  0]LogShaderLibrary: Display: ShaderCodeLibraryPakFileMountedCallback: pending pak file info (ChunkID:-1 Root:root:/ File:D:/Epic Games/UE_4.27/FeaturePacks/TP_ThirdPersonBP.upack)
[2021.10.26-15.28.49:720][  0]LogPakFile: OnPakFileMounted2Time == 0.000041
[2021.10.26-15.28.49:725][  0]LogPakFile: PakFile PrimaryIndexSize=183
[2021.10.26-15.28.49:725][  0]LogPakFile: PakFile PathHashIndexSize=101
[2021.10.26-15.28.49:725][  0]LogPakFile: PakFile FullDirectoryIndexSize=140
[2021.10.26-15.28.49:725][  0]LogShaderLibrary: Display: ShaderCodeLibraryPakFileMountedCallback: PakFile 'D:/Epic Games/UE_4.27/FeaturePacks/TP_TopDown.upack' (chunk index -1, root 'root:/') mounted
[2021.10.26-15.28.49:725][  0]LogShaderLibrary: Display: ShaderCodeLibraryPakFileMountedCallback: pending pak file info (ChunkID:-1 Root:root:/ File:D:/Epic Games/UE_4.27/FeaturePacks/TP_TopDown.upack)
[2021.10.26-15.28.49:725][  0]LogPakFile: OnPakFileMounted2Time == 0.000048
[2021.10.26-15.28.49:735][  0]LogPakFile: PakFile PrimaryIndexSize=185
[2021.10.26-15.28.49:735][  0]LogPakFile: PakFile PathHashIndexSize=101
[2021.10.26-15.28.49:735][  0]LogPakFile: PakFile FullDirectoryIndexSize=144
[2021.10.26-15.28.49:735][  0]LogShaderLibrary: Display: ShaderCodeLibraryPakFileMountedCallback: PakFile 'D:/Epic Games/UE_4.27/FeaturePacks/TP_TopDownBP.upack' (chunk index -1, root 'root:/') mounted
[2021.10.26-15.28.49:735][  0]LogShaderLibrary: Display: ShaderCodeLibraryPakFileMountedCallback: pending pak file info (ChunkID:-1 Root:root:/ File:D:/Epic Games/UE_4.27/FeaturePacks/TP_TopDownBP.upack)
[2021.10.26-15.28.49:735][  0]LogPakFile: OnPakFileMounted2Time == 0.000049
[2021.10.26-15.28.49:773][  0]LogPakFile: PakFile PrimaryIndexSize=185
[2021.10.26-15.28.49:773][  0]LogPakFile: PakFile PathHashIndexSize=101
[2021.10.26-15.28.49:773][  0]LogPakFile: PakFile FullDirectoryIndexSize=144
[2021.10.26-15.28.49:773][  0]LogShaderLibrary: Display: ShaderCodeLibraryPakFileMountedCallback: PakFile 'D:/Epic Games/UE_4.27/FeaturePacks/TP_TwinStick.upack' (chunk index -1, root 'root:/') mounted
[2021.10.26-15.28.49:773][  0]LogShaderLibrary: Display: ShaderCodeLibraryPakFileMountedCallback: pending pak file info (ChunkID:-1 Root:root:/ File:D:/Epic Games/UE_4.27/FeaturePacks/TP_TwinStick.upack)
[2021.10.26-15.28.49:773][  0]LogPakFile: OnPakFileMounted2Time == 0.000041
[2021.10.26-15.28.49:783][  0]LogPakFile: PakFile PrimaryIndexSize=187
[2021.10.26-15.28.49:783][  0]LogPakFile: PakFile PathHashIndexSize=101
[2021.10.26-15.28.49:783][  0]LogPakFile: PakFile FullDirectoryIndexSize=148
[2021.10.26-15.28.49:783][  0]LogShaderLibrary: Display: ShaderCodeLibraryPakFileMountedCallback: PakFile 'D:/Epic Games/UE_4.27/FeaturePacks/TP_TwinStickBP.upack' (chunk index -1, root 'root:/') mounted
[2021.10.26-15.28.49:783][  0]LogShaderLibrary: Display: ShaderCodeLibraryPakFileMountedCallback: pending pak file info (ChunkID:-1 Root:root:/ File:D:/Epic Games/UE_4.27/FeaturePacks/TP_TwinStickBP.upack)
[2021.10.26-15.28.49:783][  0]LogPakFile: OnPakFileMounted2Time == 0.000040
[2021.10.26-15.28.49:789][  0]LogPakFile: PakFile PrimaryIndexSize=183
[2021.10.26-15.28.49:789][  0]LogPakFile: PakFile PathHashIndexSize=101
[2021.10.26-15.28.49:789][  0]LogPakFile: PakFile FullDirectoryIndexSize=140
[2021.10.26-15.28.49:789][  0]LogShaderLibrary: Display: ShaderCodeLibraryPakFileMountedCallback: PakFile 'D:/Epic Games/UE_4.27/FeaturePacks/TP_Vehicle.upack' (chunk index -1, root 'root:/') mounted
[2021.10.26-15.28.49:789][  0]LogShaderLibrary: Display: ShaderCodeLibraryPakFileMountedCallback: pending pak file info (ChunkID:-1 Root:root:/ File:D:/Epic Games/UE_4.27/FeaturePacks/TP_Vehicle.upack)
[2021.10.26-15.28.49:789][  0]LogPakFile: OnPakFileMounted2Time == 0.000044
[2021.10.26-15.28.49:793][  0]LogPakFile: PakFile PrimaryIndexSize=186
[2021.10.26-15.28.49:793][  0]LogPakFile: PakFile PathHashIndexSize=101
[2021.10.26-15.28.49:793][  0]LogPakFile: PakFile FullDirectoryIndexSize=146
[2021.10.26-15.28.49:793][  0]LogShaderLibrary: Display: ShaderCodeLibraryPakFileMountedCallback: PakFile 'D:/Epic Games/UE_4.27/FeaturePacks/TP_VehicleAdv.upack' (chunk index -1, root 'root:/') mounted
[2021.10.26-15.28.49:793][  0]LogShaderLibrary: Display: ShaderCodeLibraryPakFileMountedCallback: pending pak file info (ChunkID:-1 Root:root:/ File:D:/Epic Games/UE_4.27/FeaturePacks/TP_VehicleAdv.upack)
[2021.10.26-15.28.49:793][  0]LogPakFile: OnPakFileMounted2Time == 0.000041
[2021.10.26-15.28.49:817][  0]LogPakFile: PakFile PrimaryIndexSize=188
[2021.10.26-15.28.49:817][  0]LogPakFile: PakFile PathHashIndexSize=101
[2021.10.26-15.28.49:817][  0]LogPakFile: PakFile FullDirectoryIndexSize=150
[2021.10.26-15.28.49:817][  0]LogShaderLibrary: Display: ShaderCodeLibraryPakFileMountedCallback: PakFile 'D:/Epic Games/UE_4.27/FeaturePacks/TP_VehicleAdvBP.upack' (chunk index -1, root 'root:/') mounted
[2021.10.26-15.28.49:817][  0]LogShaderLibrary: Display: ShaderCodeLibraryPakFileMountedCallback: pending pak file info (ChunkID:-1 Root:root:/ File:D:/Epic Games/UE_4.27/FeaturePacks/TP_VehicleAdvBP.upack)
[2021.10.26-15.28.49:817][  0]LogPakFile: OnPakFileMounted2Time == 0.000041
[2021.10.26-15.28.49:842][  0]LogPakFile: PakFile PrimaryIndexSize=185
[2021.10.26-15.28.49:842][  0]LogPakFile: PakFile PathHashIndexSize=101
[2021.10.26-15.28.49:842][  0]LogPakFile: PakFile FullDirectoryIndexSize=144
[2021.10.26-15.28.49:842][  0]LogShaderLibrary: Display: ShaderCodeLibraryPakFileMountedCallback: PakFile 'D:/Epic Games/UE_4.27/FeaturePacks/TP_VehicleBP.upack' (chunk index -1, root 'root:/') mounted
[2021.10.26-15.28.49:842][  0]LogShaderLibrary: Display: ShaderCodeLibraryPakFileMountedCallback: pending pak file info (ChunkID:-1 Root:root:/ File:D:/Epic Games/UE_4.27/FeaturePacks/TP_VehicleBP.upack)
[2021.10.26-15.28.49:842][  0]LogPakFile: OnPakFileMounted2Time == 0.000047
[2021.10.26-15.28.49:911][  0]LogPakFile: PakFile PrimaryIndexSize=192
[2021.10.26-15.28.49:911][  0]LogPakFile: PakFile PathHashIndexSize=101
[2021.10.26-15.28.49:911][  0]LogPakFile: PakFile FullDirectoryIndexSize=158
[2021.10.26-15.28.49:911][  0]LogShaderLibrary: Display: ShaderCodeLibraryPakFileMountedCallback: PakFile 'D:/Epic Games/UE_4.27/FeaturePacks/TP_VirtualRealityBP.upack' (chunk index -1, root 'root:/') mounted
[2021.10.26-15.28.49:911][  0]LogShaderLibrary: Display: ShaderCodeLibraryPakFileMountedCallback: pending pak file info (ChunkID:-1 Root:root:/ File:D:/Epic Games/UE_4.27/FeaturePacks/TP_VirtualRealityBP.upack)
[2021.10.26-15.28.49:911][  0]LogPakFile: OnPakFileMounted2Time == 0.000041
[2021.10.26-15.28.52:442][  0]LogNativeClassHierarchy: Verbose: Native class hierarchy updated for 'AddContentDialog' in 0.0003 seconds. Added 0 classes and 0 folders.
[2021.10.26-15.28.52:515][  0]LogNativeClassHierarchy: Verbose: Native class hierarchy updated for 'SceneOutliner' in 0.0003 seconds. Added 2 classes and 0 folders.
[2021.10.26-15.28.53:401][  0]LogNativeClassHierarchy: Verbose: Native class hierarchy updated for 'HierarchicalLODOutliner' in 0.0003 seconds. Added 0 classes and 0 folders.
[2021.10.26-15.28.53:401][  0]LogInput: Warning: Action Jump uses invalid key OculusGo_Left_Trigger_Click.
[2021.10.26-15.28.53:401][  0]LogInput: Warning: Action ResetVR uses invalid key OculusGo_Left_Trackpad_Click.
[2021.10.26-15.28.53:401][  0]LogInput: Warning: Use -RemoveInvalidKeys to remove instances of these keys from the action mapping.
[2021.10.26-15.28.53:401][  0]LogLoad: (Engine Initialization) Total time: 25.82 seconds
[2021.10.26-15.28.53:401][  0]LogLoad: (Engine Initialization) Total Blueprint compile time: 0.00 seconds
[2021.10.26-15.28.53:480][  0]LogAssetRegistry: Asset discovery search completed in 20.9664 seconds
[2021.10.26-15.28.53:488][  0]LogCollectionManager: Fixed up redirectors for 0 collections in 0.000003 seconds (updated 0 objects)
[2021.10.26-15.28.53:610][  0]LogContentStreaming: Texture pool size now 1000 MB
[2021.10.26-15.28.53:618][  0]LogSlate: Took 0.000257 seconds to synchronously load lazily loaded font '../../../Engine/Content/Slate/Fonts/Roboto-Regular.ttf' (155K)
[2021.10.26-15.28.53:638][  0]LogSlate: Took 0.013156 seconds to synchronously load lazily loaded font '../../../Engine/Content/Editor/Slate/Fonts/FontAwesome.ttf' (139K)
[2021.10.26-15.28.53:661][  0]LogSlate: Took 0.000258 seconds to synchronously load lazily loaded font '../../../Engine/Content/Slate/Fonts/Roboto-Bold.ttf' (160K)
[2021.10.26-15.28.54:347][  0]LogRenderer: Reallocating scene render targets to support 804x420 Format 10 NumSamples 1 (Frame:1).
[2021.10.26-15.28.54:347][  0]LogSlate: Took 0.010986 seconds to synchronously load lazily loaded font '../../../Engine/Content/Slate/Fonts/Roboto-Light.ttf' (167K)
[2021.10.26-15.29.07:044][555]LogSlate: Took 0.000366 seconds to synchronously load lazily loaded font '../../../Engine/Content/Slate/Fonts/Roboto-BoldCondensed.ttf' (158K)
[2021.10.26-15.29.10:377][748]LogSlate: Window 'Open Project' being destroyed
[2021.10.26-15.29.17:618][180]LogUObjectHash: Compacting FUObjectHashTables data took   0.56ms
[2021.10.26-15.29.32:307][889]LogSlate: Window 'Save Level As' being destroyed
[2021.10.26-15.30.14:461][357]LogSlate: Window 'Source Control Login' being destroyed
[2021.10.26-15.30.23:386][754]LogSlate: Window 'Save Level As' being destroyed
[2021.10.26-15.30.28:610][ 56]LogSlate: Took 0.000266 seconds to synchronously load lazily loaded font '../../../Engine/Content/Slate/Fonts/Roboto-Light.ttf' (167K)
[2021.10.26-15.30.59:717][886]LogUObjectHash: Compacting FUObjectHashTables data took   0.75ms
[2021.10.26-15.31.11:866][585]LogSlate: Window 'Open Level' being destroyed
[2021.10.26-15.31.50:037][867]LogUObjectHash: Compacting FUObjectHashTables data took   0.96ms
